\BOOKMARK [0][-]{chapter.1}{\376\377\0001\000\040\000C\000l\000a\000s\000s\000\040\000I\000n\000d\000e\000x}{}% 1
\BOOKMARK [1][-]{section.1.1}{\376\377\0001\000.\0001\000\040\000C\000l\000a\000s\000s\000\040\000L\000i\000s\000t}{chapter.1}% 2
\BOOKMARK [0][-]{chapter.2}{\376\377\0002\000\040\000F\000i\000l\000e\000\040\000I\000n\000d\000e\000x}{}% 3
\BOOKMARK [1][-]{section.2.1}{\376\377\0002\000.\0001\000\040\000F\000i\000l\000e\000\040\000L\000i\000s\000t}{chapter.2}% 4
\BOOKMARK [0][-]{chapter.3}{\376\377\0003\000\040\000C\000l\000a\000s\000s\000\040\000D\000o\000c\000u\000m\000e\000n\000t\000a\000t\000i\000o\000n}{}% 5
\BOOKMARK [1][-]{section.3.1}{\376\377\0003\000.\0001\000\040\000\137\000f\000a\000\137\000d\000a\000t\000a\000\040\000S\000t\000r\000u\000c\000t\000\040\000R\000e\000f\000e\000r\000e\000n\000c\000e}{chapter.3}% 6
\BOOKMARK [2][-]{subsection.3.1.1}{\376\377\0003\000.\0001\000.\0001\000\040\000D\000e\000t\000a\000i\000l\000e\000d\000\040\000D\000e\000s\000c\000r\000i\000p\000t\000i\000o\000n}{section.3.1}% 7
\BOOKMARK [2][-]{subsection.3.1.2}{\376\377\0003\000.\0001\000.\0002\000\040\000M\000e\000m\000b\000e\000r\000\040\000D\000a\000t\000a\000\040\000D\000o\000c\000u\000m\000e\000n\000t\000a\000t\000i\000o\000n}{section.3.1}% 8
\BOOKMARK [3][-]{subsubsection.3.1.2.1}{\376\377\0003\000.\0001\000.\0002\000.\0001\000\040\000e\000n\000t\000r\000y}{subsection.3.1.2}% 9
\BOOKMARK [3][-]{subsubsection.3.1.2.2}{\376\377\0003\000.\0001\000.\0002\000.\0002\000\040\000e\000n\000t\000r\000y\000l\000e\000n}{subsection.3.1.2}% 10
\BOOKMARK [3][-]{subsubsection.3.1.2.3}{\376\377\0003\000.\0001\000.\0002\000.\0003\000\040\000l\000i\000n\000e\000l\000e\000n}{subsection.3.1.2}% 11
\BOOKMARK [3][-]{subsubsection.3.1.2.4}{\376\377\0003\000.\0001\000.\0002\000.\0004\000\040\000n\000e\000n\000t\000r\000i\000e\000s}{subsection.3.1.2}% 12
\BOOKMARK [3][-]{subsubsection.3.1.2.5}{\376\377\0003\000.\0001\000.\0002\000.\0005\000\040\000n\000l\000i\000n\000e\000s}{subsection.3.1.2}% 13
\BOOKMARK [1][-]{section.3.2}{\376\377\0003\000.\0002\000\040\000\137\000f\000a\000\137\000e\000n\000t\000r\000y\000\040\000S\000t\000r\000u\000c\000t\000\040\000R\000e\000f\000e\000r\000e\000n\000c\000e}{chapter.3}% 14
\BOOKMARK [2][-]{subsection.3.2.1}{\376\377\0003\000.\0002\000.\0001\000\040\000D\000e\000t\000a\000i\000l\000e\000d\000\040\000D\000e\000s\000c\000r\000i\000p\000t\000i\000o\000n}{section.3.2}% 15
\BOOKMARK [2][-]{subsection.3.2.2}{\376\377\0003\000.\0002\000.\0002\000\040\000M\000e\000m\000b\000e\000r\000\040\000D\000a\000t\000a\000\040\000D\000o\000c\000u\000m\000e\000n\000t\000a\000t\000i\000o\000n}{section.3.2}% 16
\BOOKMARK [3][-]{subsubsection.3.2.2.1}{\376\377\0003\000.\0002\000.\0002\000.\0001\000\040\000N}{subsection.3.2.2}% 17
\BOOKMARK [3][-]{subsubsection.3.2.2.2}{\376\377\0003\000.\0002\000.\0002\000.\0002\000\040\000s\000e\000q}{subsection.3.2.2}% 18
\BOOKMARK [1][-]{section.3.3}{\376\377\0003\000.\0003\000\040\000\137\000f\000q\000\137\000r\000e\000a\000d\000\040\000S\000t\000r\000u\000c\000t\000\040\000R\000e\000f\000e\000r\000e\000n\000c\000e}{chapter.3}% 19
\BOOKMARK [2][-]{subsection.3.3.1}{\376\377\0003\000.\0003\000.\0001\000\040\000D\000e\000t\000a\000i\000l\000e\000d\000\040\000D\000e\000s\000c\000r\000i\000p\000t\000i\000o\000n}{section.3.3}% 20
\BOOKMARK [2][-]{subsection.3.3.2}{\376\377\0003\000.\0003\000.\0002\000\040\000M\000e\000m\000b\000e\000r\000\040\000D\000a\000t\000a\000\040\000D\000o\000c\000u\000m\000e\000n\000t\000a\000t\000i\000o\000n}{section.3.3}% 21
\BOOKMARK [3][-]{subsubsection.3.3.2.1}{\376\377\0003\000.\0003\000.\0002\000.\0001\000\040\000L}{subsection.3.3.2}% 22
\BOOKMARK [3][-]{subsubsection.3.3.2.2}{\376\377\0003\000.\0003\000.\0002\000.\0002\000\040\000s\000t\000a\000r\000t}{subsection.3.3.2}% 23
\BOOKMARK [1][-]{section.3.4}{\376\377\0003\000.\0004\000\040\000\137\000i\000p\000a\000r\000a\000m\000\137\000Q\000r\000e\000p\000o\000r\000t\000\040\000S\000t\000r\000u\000c\000t\000\040\000R\000e\000f\000e\000r\000e\000n\000c\000e}{chapter.3}% 24
\BOOKMARK [2][-]{subsection.3.4.1}{\376\377\0003\000.\0004\000.\0001\000\040\000D\000e\000t\000a\000i\000l\000e\000d\000\040\000D\000e\000s\000c\000r\000i\000p\000t\000i\000o\000n}{section.3.4}% 25
\BOOKMARK [2][-]{subsection.3.4.2}{\376\377\0003\000.\0004\000.\0002\000\040\000M\000e\000m\000b\000e\000r\000\040\000D\000a\000t\000a\000\040\000D\000o\000c\000u\000m\000e\000n\000t\000a\000t\000i\000o\000n}{section.3.4}% 26
\BOOKMARK [3][-]{subsubsection.3.4.2.1}{\376\377\0003\000.\0004\000.\0002\000.\0001\000\040\000f\000i\000l\000t\000e\000r}{subsection.3.4.2}% 27
\BOOKMARK [3][-]{subsubsection.3.4.2.2}{\376\377\0003\000.\0004\000.\0002\000.\0002\000\040\000i\000n\000p\000u\000t\000f\000i\000l\000e}{subsection.3.4.2}% 28
\BOOKMARK [3][-]{subsubsection.3.4.2.3}{\376\377\0003\000.\0004\000.\0002\000.\0003\000\040\000m\000i\000n\000Q}{subsection.3.4.2}% 29
\BOOKMARK [3][-]{subsubsection.3.4.2.4}{\376\377\0003\000.\0004\000.\0002\000.\0004\000\040\000n\000Q}{subsection.3.4.2}% 30
\BOOKMARK [3][-]{subsubsection.3.4.2.5}{\376\377\0003\000.\0004\000.\0002\000.\0005\000\040\000n\000t\000i\000l\000e\000s}{subsection.3.4.2}% 31
\BOOKMARK [3][-]{subsubsection.3.4.2.6}{\376\377\0003\000.\0004\000.\0002\000.\0006\000\040\000o\000n\000e\000\137\000r\000e\000a\000d\000\137\000l\000e\000n}{subsection.3.4.2}% 32
\BOOKMARK [3][-]{subsubsection.3.4.2.7}{\376\377\0003\000.\0004\000.\0002\000.\0007\000\040\000o\000u\000t\000p\000u\000t\000f\000i\000l\000e\000b\000i\000n}{subsection.3.4.2}% 33
\BOOKMARK [3][-]{subsubsection.3.4.2.8}{\376\377\0003\000.\0004\000.\0002\000.\0008\000\040\000o\000u\000t\000p\000u\000t\000f\000i\000l\000e\000h\000t\000m\000l}{subsection.3.4.2}% 34
\BOOKMARK [3][-]{subsubsection.3.4.2.9}{\376\377\0003\000.\0004\000.\0002\000.\0009\000\040\000o\000u\000t\000p\000u\000t\000f\000i\000l\000e\000i\000n\000f\000o}{subsection.3.4.2}% 35
\BOOKMARK [3][-]{subsubsection.3.4.2.10}{\376\377\0003\000.\0004\000.\0002\000.\0001\0000\000\040\000r\000e\000a\000d\000\137\000l\000e\000n}{subsection.3.4.2}% 36
\BOOKMARK [1][-]{section.3.5}{\376\377\0003\000.\0005\000\040\000\137\000i\000p\000a\000r\000a\000m\000\137\000S\000r\000e\000p\000o\000r\000t\000\040\000S\000t\000r\000u\000c\000t\000\040\000R\000e\000f\000e\000r\000e\000n\000c\000e}{chapter.3}% 37
\BOOKMARK [2][-]{subsection.3.5.1}{\376\377\0003\000.\0005\000.\0001\000\040\000D\000e\000t\000a\000i\000l\000e\000d\000\040\000D\000e\000s\000c\000r\000i\000p\000t\000i\000o\000n}{section.3.5}% 38
\BOOKMARK [2][-]{subsection.3.5.2}{\376\377\0003\000.\0005\000.\0002\000\040\000M\000e\000m\000b\000e\000r\000\040\000D\000a\000t\000a\000\040\000D\000o\000c\000u\000m\000e\000n\000t\000a\000t\000i\000o\000n}{section.3.5}% 39
\BOOKMARK [3][-]{subsubsection.3.5.2.1}{\376\377\0003\000.\0005\000.\0002\000.\0001\000\040\000i\000n\000p\000u\000t\000f\000o\000l\000d\000e\000r}{subsection.3.5.2}% 40
\BOOKMARK [3][-]{subsubsection.3.5.2.2}{\376\377\0003\000.\0005\000.\0002\000.\0002\000\040\000o\000u\000t\000p\000u\000t\000f\000i\000l\000e}{subsection.3.5.2}% 41
\BOOKMARK [1][-]{section.3.6}{\376\377\0003\000.\0006\000\040\000s\000t\000a\000t\000s\000i\000n\000f\000o\000\040\000S\000t\000r\000u\000c\000t\000\040\000R\000e\000f\000e\000r\000e\000n\000c\000e}{chapter.3}% 42
\BOOKMARK [2][-]{subsection.3.6.1}{\376\377\0003\000.\0006\000.\0001\000\040\000D\000e\000t\000a\000i\000l\000e\000d\000\040\000D\000e\000s\000c\000r\000i\000p\000t\000i\000o\000n}{section.3.6}% 43
\BOOKMARK [2][-]{subsection.3.6.2}{\376\377\0003\000.\0006\000.\0002\000\040\000M\000e\000m\000b\000e\000r\000\040\000D\000a\000t\000a\000\040\000D\000o\000c\000u\000m\000e\000n\000t\000a\000t\000i\000o\000n}{section.3.6}% 44
\BOOKMARK [3][-]{subsubsection.3.6.2.1}{\376\377\0003\000.\0006\000.\0002\000.\0001\000\040\000A\000C\000G\000T\000\137\000p\000o\000s}{subsection.3.6.2}% 45
\BOOKMARK [3][-]{subsubsection.3.6.2.2}{\376\377\0003\000.\0006\000.\0002\000.\0002\000\040\000A\000C\000G\000T\000\137\000t\000i\000l\000e}{subsection.3.6.2}% 46
\BOOKMARK [3][-]{subsubsection.3.6.2.3}{\376\377\0003\000.\0006\000.\0002\000.\0003\000\040\000l\000a\000n\000e\000\137\000t\000a\000g\000s}{subsection.3.6.2}% 47
\BOOKMARK [3][-]{subsubsection.3.6.2.4}{\376\377\0003\000.\0006\000.\0002\000.\0004\000\040\000l\000o\000w\000Q\000\137\000A\000C\000G\000T\000\137\000t\000i\000l\000e}{subsection.3.6.2}% 48
\BOOKMARK [3][-]{subsubsection.3.6.2.5}{\376\377\0003\000.\0006\000.\0002\000.\0005\000\040\000m\000i\000n\000Q}{subsection.3.6.2}% 49
\BOOKMARK [3][-]{subsubsection.3.6.2.6}{\376\377\0003\000.\0006\000.\0002\000.\0006\000\040\000n\000Q}{subsection.3.6.2}% 50
\BOOKMARK [3][-]{subsubsection.3.6.2.7}{\376\377\0003\000.\0006\000.\0002\000.\0007\000\040\000n\000r\000e\000a\000d\000s}{subsection.3.6.2}% 51
\BOOKMARK [3][-]{subsubsection.3.6.2.8}{\376\377\0003\000.\0006\000.\0002\000.\0008\000\040\000n\000t\000i\000l\000e\000s}{subsection.3.6.2}% 52
\BOOKMARK [3][-]{subsubsection.3.6.2.9}{\376\377\0003\000.\0006\000.\0002\000.\0009\000\040\000Q\000P\000o\000s\000T\000i\000l\000e\000\137\000t\000a\000b\000l\000e}{subsection.3.6.2}% 53
\BOOKMARK [3][-]{subsubsection.3.6.2.10}{\376\377\0003\000.\0006\000.\0002\000.\0001\0000\000\040\000q\000u\000a\000l\000\137\000t\000a\000g\000s}{subsection.3.6.2}% 54
\BOOKMARK [3][-]{subsubsection.3.6.2.11}{\376\377\0003\000.\0006\000.\0002\000.\0001\0001\000\040\000r\000e\000a\000d\000\137\000l\000e\000n}{subsection.3.6.2}% 55
\BOOKMARK [3][-]{subsubsection.3.6.2.12}{\376\377\0003\000.\0006\000.\0002\000.\0001\0002\000\040\000r\000e\000a\000d\000s\000\137\000M\000l\000o\000w\000Q}{subsection.3.6.2}% 56
\BOOKMARK [3][-]{subsubsection.3.6.2.13}{\376\377\0003\000.\0006\000.\0002\000.\0001\0003\000\040\000r\000e\000a\000d\000s\000\137\000w\000N}{subsection.3.6.2}% 57
\BOOKMARK [3][-]{subsubsection.3.6.2.14}{\376\377\0003\000.\0006\000.\0002\000.\0001\0004\000\040\000s\000z\000\137\000A\000C\000G\000T\000\137\000p\000o\000s}{subsection.3.6.2}% 58
\BOOKMARK [3][-]{subsubsection.3.6.2.15}{\376\377\0003\000.\0006\000.\0002\000.\0001\0005\000\040\000s\000z\000\137\000A\000C\000G\000T\000\137\000t\000i\000l\000e}{subsection.3.6.2}% 59
\BOOKMARK [3][-]{subsubsection.3.6.2.16}{\376\377\0003\000.\0006\000.\0002\000.\0001\0006\000\040\000s\000z\000\137\000l\000o\000w\000Q\000\137\000A\000C\000G\000T\000\137\000t\000i\000l\000e}{subsection.3.6.2}% 60
\BOOKMARK [3][-]{subsubsection.3.6.2.17}{\376\377\0003\000.\0006\000.\0002\000.\0001\0007\000\040\000s\000z\000\137\000Q\000P\000o\000s\000T\000i\000l\000e\000\137\000t\000a\000b\000l\000e}{subsection.3.6.2}% 61
\BOOKMARK [3][-]{subsubsection.3.6.2.18}{\376\377\0003\000.\0006\000.\0002\000.\0001\0008\000\040\000s\000z\000\137\000r\000e\000a\000d\000s\000\137\000M\000l\000o\000w\000Q}{subsection.3.6.2}% 62
\BOOKMARK [3][-]{subsubsection.3.6.2.19}{\376\377\0003\000.\0006\000.\0002\000.\0001\0009\000\040\000t\000i\000l\000e\000\137\000p\000o\000s}{subsection.3.6.2}% 63
\BOOKMARK [3][-]{subsubsection.3.6.2.20}{\376\377\0003\000.\0006\000.\0002\000.\0002\0000\000\040\000t\000i\000l\000e\000\137\000t\000a\000g\000s}{subsection.3.6.2}% 64
\BOOKMARK [0][-]{chapter.4}{\376\377\0004\000\040\000F\000i\000l\000e\000\040\000D\000o\000c\000u\000m\000e\000n\000t\000a\000t\000i\000o\000n}{}% 65
\BOOKMARK [1][-]{section.4.1}{\376\377\0004\000.\0001\000\040\000i\000n\000c\000l\000u\000d\000e\000/\000d\000e\000f\000i\000n\000e\000s\000.\000h\000\040\000F\000i\000l\000e\000\040\000R\000e\000f\000e\000r\000e\000n\000c\000e}{chapter.4}% 66
\BOOKMARK [2][-]{subsection.4.1.1}{\376\377\0004\000.\0001\000.\0001\000\040\000D\000e\000t\000a\000i\000l\000e\000d\000\040\000D\000e\000s\000c\000r\000i\000p\000t\000i\000o\000n}{section.4.1}% 67
\BOOKMARK [2][-]{subsection.4.1.2}{\376\377\0004\000.\0001\000.\0002\000\040\000M\000a\000c\000r\000o\000\040\000D\000e\000f\000i\000n\000i\000t\000i\000o\000n\000\040\000D\000o\000c\000u\000m\000e\000n\000t\000a\000t\000i\000o\000n}{section.4.1}% 68
\BOOKMARK [3][-]{subsubsection.4.1.2.1}{\376\377\0004\000.\0001\000.\0002\000.\0001\000\040\000B\000\137\000L\000E\000N}{subsection.4.1.2}% 69
\BOOKMARK [3][-]{subsubsection.4.1.2.2}{\376\377\0004\000.\0001\000.\0002\000.\0002\000\040\000D\000E\000F\000A\000U\000L\000T\000\137\000M\000I\000N\000Q}{subsection.4.1.2}% 70
\BOOKMARK [3][-]{subsubsection.4.1.2.3}{\376\377\0004\000.\0001\000.\0002\000.\0003\000\040\000D\000E\000F\000A\000U\000L\000T\000\137\000N\000Q}{subsection.4.1.2}% 71
\BOOKMARK [3][-]{subsubsection.4.1.2.4}{\376\377\0004\000.\0001\000.\0002\000.\0004\000\040\000D\000E\000F\000A\000U\000L\000T\000\137\000N\000T\000I\000L\000E\000S}{subsection.4.1.2}% 72
\BOOKMARK [3][-]{subsubsection.4.1.2.5}{\376\377\0004\000.\0001\000.\0002\000.\0005\000\040\000F\000A\000\137\000E\000N\000T\000R\000Y\000\137\000B\000U\000F}{subsection.4.1.2}% 73
\BOOKMARK [3][-]{subsubsection.4.1.2.6}{\376\377\0004\000.\0001\000.\0002\000.\0006\000\040\000M\000A\000X\000\137\000F\000I\000L\000E\000N\000A\000M\000E}{subsection.4.1.2}% 74
\BOOKMARK [3][-]{subsubsection.4.1.2.7}{\376\377\0004\000.\0001\000.\0002\000.\0007\000\040\000M\000A\000X\000\137\000R\000C\000O\000M\000M\000A\000N\000D}{subsection.4.1.2}% 75
\BOOKMARK [3][-]{subsubsection.4.1.2.8}{\376\377\0004\000.\0001\000.\0002\000.\0008\000\040\000m\000e\000m\000\137\000u\000s\000a\000g\000e}{subsection.4.1.2}% 76
\BOOKMARK [3][-]{subsubsection.4.1.2.9}{\376\377\0004\000.\0001\000.\0002\000.\0009\000\040\000m\000e\000m\000\137\000u\000s\000a\000g\000e\000M\000B}{subsection.4.1.2}% 77
\BOOKMARK [3][-]{subsubsection.4.1.2.10}{\376\377\0004\000.\0001\000.\0002\000.\0001\0000\000\040\000N\000\137\000A\000C\000G\000T}{subsection.4.1.2}% 78
\BOOKMARK [3][-]{subsubsection.4.1.2.11}{\376\377\0004\000.\0001\000.\0002\000.\0001\0001\000\040\000Z\000E\000R\000O\000Q}{subsection.4.1.2}% 79
\BOOKMARK [1][-]{section.4.2}{\376\377\0004\000.\0002\000\040\000i\000n\000c\000l\000u\000d\000e\000/\000f\000a\000\137\000r\000e\000a\000d\000.\000h\000\040\000F\000i\000l\000e\000\040\000R\000e\000f\000e\000r\000e\000n\000c\000e}{chapter.4}% 80
\BOOKMARK [2][-]{subsection.4.2.1}{\376\377\0004\000.\0002\000.\0001\000\040\000D\000e\000t\000a\000i\000l\000e\000d\000\040\000D\000e\000s\000c\000r\000i\000p\000t\000i\000o\000n}{section.4.2}% 81
\BOOKMARK [2][-]{subsection.4.2.2}{\376\377\0004\000.\0002\000.\0002\000\040\000F\000u\000n\000c\000t\000i\000o\000n\000\040\000D\000o\000c\000u\000m\000e\000n\000t\000a\000t\000i\000o\000n}{section.4.2}% 82
\BOOKMARK [3][-]{subsubsection.4.2.2.1}{\376\377\0004\000.\0002\000.\0002\000.\0001\000\040\000f\000r\000e\000e\000\137\000f\000a\000s\000t\000a}{subsection.4.2.2}% 83
\BOOKMARK [3][-]{subsubsection.4.2.2.2}{\376\377\0004\000.\0002\000.\0002\000.\0002\000\040\000r\000e\000a\000d\000\137\000f\000a\000s\000t\000a}{subsection.4.2.2}% 84
\BOOKMARK [1][-]{section.4.3}{\376\377\0004\000.\0003\000\040\000i\000n\000c\000l\000u\000d\000e\000/\000f\000o\000p\000e\000n\000\137\000g\000e\000n\000.\000h\000\040\000F\000i\000l\000e\000\040\000R\000e\000f\000e\000r\000e\000n\000c\000e}{chapter.4}% 85
\BOOKMARK [2][-]{subsection.4.3.1}{\376\377\0004\000.\0003\000.\0001\000\040\000D\000e\000t\000a\000i\000l\000e\000d\000\040\000D\000e\000s\000c\000r\000i\000p\000t\000i\000o\000n}{section.4.3}% 86
\BOOKMARK [2][-]{subsection.4.3.2}{\376\377\0004\000.\0003\000.\0002\000\040\000F\000u\000n\000c\000t\000i\000o\000n\000\040\000D\000o\000c\000u\000m\000e\000n\000t\000a\000t\000i\000o\000n}{section.4.3}% 87
\BOOKMARK [3][-]{subsubsection.4.3.2.1}{\376\377\0004\000.\0003\000.\0002\000.\0001\000\040\000f\000o\000p\000e\000n\000\137\000g\000e\000n}{subsection.4.3.2}% 88
\BOOKMARK [1][-]{section.4.4}{\376\377\0004\000.\0004\000\040\000i\000n\000c\000l\000u\000d\000e\000/\000f\000q\000\137\000r\000e\000a\000d\000.\000h\000\040\000F\000i\000l\000e\000\040\000R\000e\000f\000e\000r\000e\000n\000c\000e}{chapter.4}% 89
\BOOKMARK [2][-]{subsection.4.4.1}{\376\377\0004\000.\0004\000.\0001\000\040\000D\000e\000t\000a\000i\000l\000e\000d\000\040\000D\000e\000s\000c\000r\000i\000p\000t\000i\000o\000n}{section.4.4}% 90
\BOOKMARK [2][-]{subsection.4.4.2}{\376\377\0004\000.\0004\000.\0002\000\040\000F\000u\000n\000c\000t\000i\000o\000n\000\040\000D\000o\000c\000u\000m\000e\000n\000t\000a\000t\000i\000o\000n}{section.4.4}% 91
\BOOKMARK [3][-]{subsubsection.4.4.2.1}{\376\377\0004\000.\0004\000.\0002\000.\0001\000\040\000g\000e\000t\000\137\000f\000q\000r\000e\000a\000d}{subsection.4.4.2}% 92
\BOOKMARK [3][-]{subsubsection.4.4.2.2}{\376\377\0004\000.\0004\000.\0002\000.\0002\000\040\000s\000t\000r\000i\000n\000g\000\137\000s\000e\000q}{subsection.4.4.2}% 93
\BOOKMARK [1][-]{section.4.5}{\376\377\0004\000.\0005\000\040\000i\000n\000c\000l\000u\000d\000e\000/\000i\000n\000i\000t\000\137\000Q\000r\000e\000p\000o\000r\000t\000.\000h\000\040\000F\000i\000l\000e\000\040\000R\000e\000f\000e\000r\000e\000n\000c\000e}{chapter.4}% 94
\BOOKMARK [2][-]{subsection.4.5.1}{\376\377\0004\000.\0005\000.\0001\000\040\000D\000e\000t\000a\000i\000l\000e\000d\000\040\000D\000e\000s\000c\000r\000i\000p\000t\000i\000o\000n}{section.4.5}% 95
\BOOKMARK [1][-]{section.4.6}{\376\377\0004\000.\0006\000\040\000i\000n\000c\000l\000u\000d\000e\000/\000i\000n\000i\000t\000\137\000S\000r\000e\000p\000o\000r\000t\000.\000h\000\040\000F\000i\000l\000e\000\040\000R\000e\000f\000e\000r\000e\000n\000c\000e}{chapter.4}% 96
\BOOKMARK [2][-]{subsection.4.6.1}{\376\377\0004\000.\0006\000.\0001\000\040\000D\000e\000t\000a\000i\000l\000e\000d\000\040\000D\000e\000s\000c\000r\000i\000p\000t\000i\000o\000n}{section.4.6}% 97
\BOOKMARK [1][-]{section.4.7}{\376\377\0004\000.\0007\000\040\000i\000n\000c\000l\000u\000d\000e\000/\000L\000m\000e\000r\000.\000h\000\040\000F\000i\000l\000e\000\040\000R\000e\000f\000e\000r\000e\000n\000c\000e}{chapter.4}% 98
\BOOKMARK [2][-]{subsection.4.7.1}{\376\377\0004\000.\0007\000.\0001\000\040\000D\000e\000t\000a\000i\000l\000e\000d\000\040\000D\000e\000s\000c\000r\000i\000p\000t\000i\000o\000n}{section.4.7}% 99
\BOOKMARK [2][-]{subsection.4.7.2}{\376\377\0004\000.\0007\000.\0002\000\040\000F\000u\000n\000c\000t\000i\000o\000n\000\040\000D\000o\000c\000u\000m\000e\000n\000t\000a\000t\000i\000o\000n}{section.4.7}% 100
\BOOKMARK [3][-]{subsubsection.4.7.2.1}{\376\377\0004\000.\0007\000.\0002\000.\0001\000\040\000i\000n\000i\000t\000\137\000m\000a\000p}{subsection.4.7.2}% 101
\BOOKMARK [3][-]{subsubsection.4.7.2.2}{\376\377\0004\000.\0007\000.\0002\000.\0002\000\040\000i\000n\000i\000t\000\137\000m\000a\000p\000\137\000S\000A}{subsection.4.7.2}% 102
\BOOKMARK [1][-]{section.4.8}{\376\377\0004\000.\0008\000\040\000i\000n\000c\000l\000u\000d\000e\000/\000R\000c\000o\000m\000m\000a\000n\000d\000\137\000Q\000r\000e\000p\000o\000r\000t\000.\000h\000\040\000F\000i\000l\000e\000\040\000R\000e\000f\000e\000r\000e\000n\000c\000e}{chapter.4}% 103
\BOOKMARK [2][-]{subsection.4.8.1}{\376\377\0004\000.\0008\000.\0001\000\040\000D\000e\000t\000a\000i\000l\000e\000d\000\040\000D\000e\000s\000c\000r\000i\000p\000t\000i\000o\000n}{section.4.8}% 104
\BOOKMARK [1][-]{section.4.9}{\376\377\0004\000.\0009\000\040\000i\000n\000c\000l\000u\000d\000e\000/\000R\000c\000o\000m\000m\000a\000n\000d\000\137\000S\000r\000e\000p\000o\000r\000t\000.\000h\000\040\000F\000i\000l\000e\000\040\000R\000e\000f\000e\000r\000e\000n\000c\000e}{chapter.4}% 105
\BOOKMARK [2][-]{subsection.4.9.1}{\376\377\0004\000.\0009\000.\0001\000\040\000D\000e\000t\000a\000i\000l\000e\000d\000\040\000D\000e\000s\000c\000r\000i\000p\000t\000i\000o\000n}{section.4.9}% 106
\BOOKMARK [1][-]{section.4.10}{\376\377\0004\000.\0001\0000\000\040\000i\000n\000c\000l\000u\000d\000e\000/\000s\000t\000a\000t\000s\000\137\000i\000n\000f\000o\000.\000h\000\040\000F\000i\000l\000e\000\040\000R\000e\000f\000e\000r\000e\000n\000c\000e}{chapter.4}% 107
\BOOKMARK [2][-]{subsection.4.10.1}{\376\377\0004\000.\0001\0000\000.\0001\000\040\000D\000e\000t\000a\000i\000l\000e\000d\000\040\000D\000e\000s\000c\000r\000i\000p\000t\000i\000o\000n}{section.4.10}% 108
\BOOKMARK [2][-]{subsection.4.10.2}{\376\377\0004\000.\0001\0000\000.\0002\000\040\000F\000u\000n\000c\000t\000i\000o\000n\000\040\000D\000o\000c\000u\000m\000e\000n\000t\000a\000t\000i\000o\000n}{section.4.10}% 109
\BOOKMARK [3][-]{subsubsection.4.10.2.1}{\376\377\0004\000.\0001\0000\000.\0002\000.\0001\000\040\000i\000n\000i\000t\000\137\000i\000n\000f\000o}{subsection.4.10.2}% 110
\BOOKMARK [3][-]{subsubsection.4.10.2.2}{\376\377\0004\000.\0001\0000\000.\0002\000.\0002\000\040\000r\000e\000s\000i\000z\000e\000\137\000i\000n\000f\000o}{subsection.4.10.2}% 111
\BOOKMARK [3][-]{subsubsection.4.10.2.3}{\376\377\0004\000.\0001\0000\000.\0002\000.\0003\000\040\000u\000p\000d\000a\000t\000e\000\137\000A\000C\000G\000T\000\137\000c\000o\000u\000n\000t\000s}{subsection.4.10.2}% 112
\BOOKMARK [1][-]{section.4.11}{\376\377\0004\000.\0001\0001\000\040\000i\000n\000c\000l\000u\000d\000e\000/\000s\000t\000r\000\137\000m\000a\000n\000i\000p\000.\000h\000\040\000F\000i\000l\000e\000\040\000R\000e\000f\000e\000r\000e\000n\000c\000e}{chapter.4}% 113
\BOOKMARK [2][-]{subsection.4.11.1}{\376\377\0004\000.\0001\0001\000.\0001\000\040\000D\000e\000t\000a\000i\000l\000e\000d\000\040\000D\000e\000s\000c\000r\000i\000p\000t\000i\000o\000n}{section.4.11}% 114
\BOOKMARK [1][-]{section.4.12}{\376\377\0004\000.\0001\0002\000\040\000s\000r\000c\000/\000f\000a\000\137\000r\000e\000a\000d\000.\000c\000\040\000F\000i\000l\000e\000\040\000R\000e\000f\000e\000r\000e\000n\000c\000e}{chapter.4}% 115
\BOOKMARK [2][-]{subsection.4.12.1}{\376\377\0004\000.\0001\0002\000.\0001\000\040\000D\000e\000t\000a\000i\000l\000e\000d\000\040\000D\000e\000s\000c\000r\000i\000p\000t\000i\000o\000n}{section.4.12}% 116
\BOOKMARK [2][-]{subsection.4.12.2}{\376\377\0004\000.\0001\0002\000.\0002\000\040\000F\000u\000n\000c\000t\000i\000o\000n\000\040\000D\000o\000c\000u\000m\000e\000n\000t\000a\000t\000i\000o\000n}{section.4.12}% 117
\BOOKMARK [3][-]{subsubsection.4.12.2.1}{\376\377\0004\000.\0001\0002\000.\0002\000.\0001\000\040\000f\000r\000e\000e\000\137\000f\000a\000s\000t\000a}{subsection.4.12.2}% 118
\BOOKMARK [3][-]{subsubsection.4.12.2.2}{\376\377\0004\000.\0001\0002\000.\0002\000.\0002\000\040\000i\000g\000n\000o\000r\000e\000\137\000l\000i\000n\000e}{subsection.4.12.2}% 119
\BOOKMARK [3][-]{subsubsection.4.12.2.3}{\376\377\0004\000.\0001\0002\000.\0002\000.\0003\000\040\000i\000n\000i\000t\000\137\000e\000n\000t\000r\000i\000e\000s}{subsection.4.12.2}% 120
\BOOKMARK [3][-]{subsubsection.4.12.2.4}{\376\377\0004\000.\0001\0002\000.\0002\000.\0004\000\040\000i\000n\000i\000t\000\137\000f\000a}{subsection.4.12.2}% 121
\BOOKMARK [3][-]{subsubsection.4.12.2.5}{\376\377\0004\000.\0001\0002\000.\0002\000.\0005\000\040\000r\000e\000a\000d\000\137\000f\000a\000s\000t\000a}{subsection.4.12.2}% 122
\BOOKMARK [3][-]{subsubsection.4.12.2.6}{\376\377\0004\000.\0001\0002\000.\0002\000.\0006\000\040\000r\000e\000a\000l\000l\000o\000c\000\137\000f\000a}{subsection.4.12.2}% 123
\BOOKMARK [3][-]{subsubsection.4.12.2.7}{\376\377\0004\000.\0001\0002\000.\0002\000.\0007\000\040\000s\000w\000e\000e\000p\000\137\000f\000a}{subsection.4.12.2}% 124
\BOOKMARK [1][-]{section.4.13}{\376\377\0004\000.\0001\0003\000\040\000s\000r\000c\000/\000f\000o\000p\000e\000n\000\137\000g\000e\000n\000.\000c\000\040\000F\000i\000l\000e\000\040\000R\000e\000f\000e\000r\000e\000n\000c\000e}{chapter.4}% 125
\BOOKMARK [2][-]{subsection.4.13.1}{\376\377\0004\000.\0001\0003\000.\0001\000\040\000D\000e\000t\000a\000i\000l\000e\000d\000\040\000D\000e\000s\000c\000r\000i\000p\000t\000i\000o\000n}{section.4.13}% 126
\BOOKMARK [2][-]{subsection.4.13.2}{\376\377\0004\000.\0001\0003\000.\0002\000\040\000F\000u\000n\000c\000t\000i\000o\000n\000\040\000D\000o\000c\000u\000m\000e\000n\000t\000a\000t\000i\000o\000n}{section.4.13}% 127
\BOOKMARK [3][-]{subsubsection.4.13.2.1}{\376\377\0004\000.\0001\0003\000.\0002\000.\0001\000\040\000c\000o\000m\000p\000r\000e\000s\000s}{subsection.4.13.2}% 128
\BOOKMARK [3][-]{subsubsection.4.13.2.2}{\376\377\0004\000.\0001\0003\000.\0002\000.\0002\000\040\000f\000c\000o\000m\000p\000r\000e\000s\000s}{subsection.4.13.2}% 129
\BOOKMARK [3][-]{subsubsection.4.13.2.3}{\376\377\0004\000.\0001\0003\000.\0002\000.\0003\000\040\000f\000o\000p\000e\000n\000\137\000g\000e\000n}{subsection.4.13.2}% 130
\BOOKMARK [3][-]{subsubsection.4.13.2.4}{\376\377\0004\000.\0001\0003\000.\0002\000.\0004\000\040\000f\000u\000n\000c\000o\000m\000p\000r\000e\000s\000s}{subsection.4.13.2}% 131
\BOOKMARK [3][-]{subsubsection.4.13.2.5}{\376\377\0004\000.\0001\0003\000.\0002\000.\0005\000\040\000u\000n\000c\000o\000m\000p\000r\000e\000s\000s}{subsection.4.13.2}% 132
\BOOKMARK [1][-]{section.4.14}{\376\377\0004\000.\0001\0004\000\040\000s\000r\000c\000/\000f\000q\000\137\000r\000e\000a\000d\000.\000c\000\040\000F\000i\000l\000e\000\040\000R\000e\000f\000e\000r\000e\000n\000c\000e}{chapter.4}% 133
\BOOKMARK [2][-]{subsection.4.14.1}{\376\377\0004\000.\0001\0004\000.\0001\000\040\000D\000e\000t\000a\000i\000l\000e\000d\000\040\000D\000e\000s\000c\000r\000i\000p\000t\000i\000o\000n}{section.4.14}% 134
\BOOKMARK [2][-]{subsection.4.14.2}{\376\377\0004\000.\0001\0004\000.\0002\000\040\000F\000u\000n\000c\000t\000i\000o\000n\000\040\000D\000o\000c\000u\000m\000e\000n\000t\000a\000t\000i\000o\000n}{section.4.14}% 135
\BOOKMARK [3][-]{subsubsection.4.14.2.1}{\376\377\0004\000.\0001\0004\000.\0002\000.\0001\000\040\000g\000e\000t\000\137\000f\000q\000r\000e\000a\000d}{subsection.4.14.2}% 136
\BOOKMARK [3][-]{subsubsection.4.14.2.2}{\376\377\0004\000.\0001\0004\000.\0002\000.\0002\000\040\000s\000t\000r\000i\000n\000g\000\137\000s\000e\000q}{subsection.4.14.2}% 137
\BOOKMARK [2][-]{subsection.4.14.3}{\376\377\0004\000.\0001\0004\000.\0003\000\040\000V\000a\000r\000i\000a\000b\000l\000e\000\040\000D\000o\000c\000u\000m\000e\000n\000t\000a\000t\000i\000o\000n}{section.4.14}% 138
\BOOKMARK [3][-]{subsubsection.4.14.3.1}{\376\377\0004\000.\0001\0004\000.\0003\000.\0001\000\040\000p\000a\000r\000\137\000Q\000R}{subsection.4.14.3}% 139
\BOOKMARK [1][-]{section.4.15}{\376\377\0004\000.\0001\0005\000\040\000s\000r\000c\000/\000i\000n\000i\000t\000\137\000Q\000r\000e\000p\000o\000r\000t\000.\000c\000\040\000F\000i\000l\000e\000\040\000R\000e\000f\000e\000r\000e\000n\000c\000e}{chapter.4}% 140
\BOOKMARK [2][-]{subsection.4.15.1}{\376\377\0004\000.\0001\0005\000.\0001\000\040\000D\000e\000t\000a\000i\000l\000e\000d\000\040\000D\000e\000s\000c\000r\000i\000p\000t\000i\000o\000n}{section.4.15}% 141
\BOOKMARK [2][-]{subsection.4.15.2}{\376\377\0004\000.\0001\0005\000.\0002\000\040\000V\000a\000r\000i\000a\000b\000l\000e\000\040\000D\000o\000c\000u\000m\000e\000n\000t\000a\000t\000i\000o\000n}{section.4.15}% 142
\BOOKMARK [3][-]{subsubsection.4.15.2.1}{\376\377\0004\000.\0001\0005\000.\0002\000.\0001\000\040\000p\000a\000r\000\137\000Q\000R}{subsection.4.15.2}% 143
\BOOKMARK [1][-]{section.4.16}{\376\377\0004\000.\0001\0006\000\040\000s\000r\000c\000/\000i\000n\000i\000t\000\137\000S\000r\000e\000p\000o\000r\000t\000.\000c\000\040\000F\000i\000l\000e\000\040\000R\000e\000f\000e\000r\000e\000n\000c\000e}{chapter.4}% 144
\BOOKMARK [2][-]{subsection.4.16.1}{\376\377\0004\000.\0001\0006\000.\0001\000\040\000D\000e\000t\000a\000i\000l\000e\000d\000\040\000D\000e\000s\000c\000r\000i\000p\000t\000i\000o\000n}{section.4.16}% 145
\BOOKMARK [2][-]{subsection.4.16.2}{\376\377\0004\000.\0001\0006\000.\0002\000\040\000V\000a\000r\000i\000a\000b\000l\000e\000\040\000D\000o\000c\000u\000m\000e\000n\000t\000a\000t\000i\000o\000n}{section.4.16}% 146
\BOOKMARK [3][-]{subsubsection.4.16.2.1}{\376\377\0004\000.\0001\0006\000.\0002\000.\0001\000\040\000p\000a\000r\000\137\000S\000R}{subsection.4.16.2}% 147
\BOOKMARK [1][-]{section.4.17}{\376\377\0004\000.\0001\0007\000\040\000s\000r\000c\000/\000L\000m\000e\000r\000.\000c\000\040\000F\000i\000l\000e\000\040\000R\000e\000f\000e\000r\000e\000n\000c\000e}{chapter.4}% 148
\BOOKMARK [2][-]{subsection.4.17.1}{\376\377\0004\000.\0001\0007\000.\0001\000\040\000D\000e\000t\000a\000i\000l\000e\000d\000\040\000D\000e\000s\000c\000r\000i\000p\000t\000i\000o\000n}{section.4.17}% 149
\BOOKMARK [2][-]{subsection.4.17.2}{\376\377\0004\000.\0001\0007\000.\0002\000\040\000F\000u\000n\000c\000t\000i\000o\000n\000\040\000D\000o\000c\000u\000m\000e\000n\000t\000a\000t\000i\000o\000n}{section.4.17}% 150
\BOOKMARK [3][-]{subsubsection.4.17.2.1}{\376\377\0004\000.\0001\0007\000.\0002\000.\0001\000\040\000i\000n\000i\000t\000\137\000m\000a\000p}{subsection.4.17.2}% 151
\BOOKMARK [3][-]{subsubsection.4.17.2.2}{\376\377\0004\000.\0001\0007\000.\0002\000.\0002\000\040\000i\000n\000i\000t\000\137\000m\000a\000p\000\137\000S\000A}{subsection.4.17.2}% 152
\BOOKMARK [2][-]{subsection.4.17.3}{\376\377\0004\000.\0001\0007\000.\0003\000\040\000V\000a\000r\000i\000a\000b\000l\000e\000\040\000D\000o\000c\000u\000m\000e\000n\000t\000a\000t\000i\000o\000n}{section.4.17}% 153
\BOOKMARK [3][-]{subsubsection.4.17.3.1}{\376\377\0004\000.\0001\0007\000.\0003\000.\0001\000\040\000L\000T}{subsection.4.17.3}% 154
\BOOKMARK [1][-]{section.4.18}{\376\377\0004\000.\0001\0008\000\040\000s\000r\000c\000/\000Q\000r\000e\000p\000o\000r\000t\000.\000c\000\040\000F\000i\000l\000e\000\040\000R\000e\000f\000e\000r\000e\000n\000c\000e}{chapter.4}% 155
\BOOKMARK [2][-]{subsection.4.18.1}{\376\377\0004\000.\0001\0008\000.\0001\000\040\000D\000e\000t\000a\000i\000l\000e\000d\000\040\000D\000e\000s\000c\000r\000i\000p\000t\000i\000o\000n}{section.4.18}% 156
\BOOKMARK [2][-]{subsection.4.18.2}{\376\377\0004\000.\0001\0008\000.\0002\000\040\000V\000a\000r\000i\000a\000b\000l\000e\000\040\000D\000o\000c\000u\000m\000e\000n\000t\000a\000t\000i\000o\000n}{section.4.18}% 157
\BOOKMARK [3][-]{subsubsection.4.18.2.1}{\376\377\0004\000.\0001\0008\000.\0002\000.\0001\000\040\000p\000a\000r\000\137\000Q\000R}{subsection.4.18.2}% 158
\BOOKMARK [1][-]{section.4.19}{\376\377\0004\000.\0001\0009\000\040\000s\000r\000c\000/\000R\000c\000o\000m\000m\000a\000n\000d\000\137\000S\000r\000e\000p\000o\000r\000t\000.\000c\000\040\000F\000i\000l\000e\000\040\000R\000e\000f\000e\000r\000e\000n\000c\000e}{chapter.4}% 159
\BOOKMARK [2][-]{subsection.4.19.1}{\376\377\0004\000.\0001\0009\000.\0001\000\040\000D\000e\000t\000a\000i\000l\000e\000d\000\040\000D\000e\000s\000c\000r\000i\000p\000t\000i\000o\000n}{section.4.19}% 160
\BOOKMARK [2][-]{subsection.4.19.2}{\376\377\0004\000.\0001\0009\000.\0002\000\040\000V\000a\000r\000i\000a\000b\000l\000e\000\040\000D\000o\000c\000u\000m\000e\000n\000t\000a\000t\000i\000o\000n}{section.4.19}% 161
\BOOKMARK [3][-]{subsubsection.4.19.2.1}{\376\377\0004\000.\0001\0009\000.\0002\000.\0001\000\040\000p\000a\000r\000\137\000S\000R}{subsection.4.19.2}% 162
\BOOKMARK [1][-]{section.4.20}{\376\377\0004\000.\0002\0000\000\040\000s\000r\000c\000/\000S\000r\000e\000p\000o\000r\000t\000.\000c\000\040\000F\000i\000l\000e\000\040\000R\000e\000f\000e\000r\000e\000n\000c\000e}{chapter.4}% 163
\BOOKMARK [2][-]{subsection.4.20.1}{\376\377\0004\000.\0002\0000\000.\0001\000\040\000D\000e\000t\000a\000i\000l\000e\000d\000\040\000D\000e\000s\000c\000r\000i\000p\000t\000i\000o\000n}{section.4.20}% 164
\BOOKMARK [2][-]{subsection.4.20.2}{\376\377\0004\000.\0002\0000\000.\0002\000\040\000V\000a\000r\000i\000a\000b\000l\000e\000\040\000D\000o\000c\000u\000m\000e\000n\000t\000a\000t\000i\000o\000n}{section.4.20}% 165
\BOOKMARK [3][-]{subsubsection.4.20.2.1}{\376\377\0004\000.\0002\0000\000.\0002\000.\0001\000\040\000p\000a\000r\000\137\000S\000R}{subsection.4.20.2}% 166
\BOOKMARK [1][-]{section.4.21}{\376\377\0004\000.\0002\0001\000\040\000s\000r\000c\000/\000s\000t\000a\000t\000s\000\137\000i\000n\000f\000o\000.\000c\000\040\000F\000i\000l\000e\000\040\000R\000e\000f\000e\000r\000e\000n\000c\000e}{chapter.4}% 167
\BOOKMARK [2][-]{subsection.4.21.1}{\376\377\0004\000.\0002\0001\000.\0001\000\040\000D\000e\000t\000a\000i\000l\000e\000d\000\040\000D\000e\000s\000c\000r\000i\000p\000t\000i\000o\000n}{section.4.21}% 168
\BOOKMARK [2][-]{subsection.4.21.2}{\376\377\0004\000.\0002\0001\000.\0002\000\040\000F\000u\000n\000c\000t\000i\000o\000n\000\040\000D\000o\000c\000u\000m\000e\000n\000t\000a\000t\000i\000o\000n}{section.4.21}% 169
\BOOKMARK [3][-]{subsubsection.4.21.2.1}{\376\377\0004\000.\0002\0001\000.\0002\000.\0001\000\040\000g\000e\000t\000\137\000t\000i\000l\000e\000\137\000l\000a\000n\000e}{subsection.4.21.2}% 170
\BOOKMARK [3][-]{subsubsection.4.21.2.2}{\376\377\0004\000.\0002\0001\000.\0002\000.\0002\000\040\000i\000n\000i\000t\000\137\000i\000n\000f\000o}{subsection.4.21.2}% 171
\BOOKMARK [3][-]{subsubsection.4.21.2.3}{\376\377\0004\000.\0002\0001\000.\0002\000.\0003\000\040\000r\000e\000s\000i\000z\000e\000\137\000i\000n\000f\000o}{subsection.4.21.2}% 172
\BOOKMARK [3][-]{subsubsection.4.21.2.4}{\376\377\0004\000.\0002\0001\000.\0002\000.\0004\000\040\000u\000p\000d\000a\000t\000e\000\137\000A\000C\000G\000T\000\137\000c\000o\000u\000n\000t\000s}{subsection.4.21.2}% 173
\BOOKMARK [2][-]{subsection.4.21.3}{\376\377\0004\000.\0002\0001\000.\0003\000\040\000V\000a\000r\000i\000a\000b\000l\000e\000\040\000D\000o\000c\000u\000m\000e\000n\000t\000a\000t\000i\000o\000n}{section.4.21}% 174
\BOOKMARK [3][-]{subsubsection.4.21.3.1}{\376\377\0004\000.\0002\0001\000.\0003\000.\0001\000\040\000p\000a\000r\000\137\000Q\000R}{subsection.4.21.3}% 175
\BOOKMARK [1][-]{section.4.22}{\376\377\0004\000.\0002\0002\000\040\000s\000r\000c\000/\000s\000t\000r\000\137\000m\000a\000n\000i\000p\000.\000c\000\040\000F\000i\000l\000e\000\040\000R\000e\000f\000e\000r\000e\000n\000c\000e}{chapter.4}% 176
\BOOKMARK [2][-]{subsection.4.22.1}{\376\377\0004\000.\0002\0002\000.\0001\000\040\000D\000e\000t\000a\000i\000l\000e\000d\000\040\000D\000e\000s\000c\000r\000i\000p\000t\000i\000o\000n}{section.4.22}% 177
\BOOKMARK [0][-]{section*.50}{\376\377\000I\000n\000d\000e\000x}{}% 178
