This is pdfTeX, Version 3.14159265-2.6-1.40.15 (TeX Live 2015/dev/Debian) (preloaded format=pdflatex 2017.3.9)  8 SEP 2017 11:46
entering extended mode
 restricted \write18 enabled.
 %&-line parsing enabled.
**refman
(./refman.tex
LaTeX2e <2014/05/01>
Babel <3.9l> and hyphenation patterns for 79 languages loaded.
(/usr/share/texlive/texmf-dist/tex/latex/base/book.cls
Document Class: book 2014/09/29 v1.4h Standard LaTeX document class
(/usr/share/texlive/texmf-dist/tex/latex/base/bk10.clo
File: bk10.clo 2014/09/29 v1.4h Standard LaTeX file (size option)
)
\c@part=\count79
\c@chapter=\count80
\c@section=\count81
\c@subsection=\count82
\c@subsubsection=\count83
\c@paragraph=\count84
\c@subparagraph=\count85
\c@figure=\count86
\c@table=\count87
\abovecaptionskip=\skip41
\belowcaptionskip=\skip42
\bibindent=\dimen102
)
(/usr/share/texlive/texmf-dist/tex/latex/base/fixltx2e.sty
Package: fixltx2e 2014/09/29 v1.1s fixes to LaTeX
LaTeX Info: Redefining \em on input line 430.
)
(/usr/share/texlive/texmf-dist/tex/latex/tools/calc.sty
Package: calc 2014/10/28 v4.3 Infix arithmetic (KKT,FJ)
\calc@Acount=\count88
\calc@Bcount=\count89
\calc@Adimen=\dimen103
\calc@Bdimen=\dimen104
\calc@Askip=\skip43
\calc@Bskip=\skip44
LaTeX Info: Redefining \setlength on input line 75.
LaTeX Info: Redefining \addtolength on input line 76.
\calc@Ccount=\count90
\calc@Cskip=\skip45
) (./doxygen.sty
Package: doxygen 

(/usr/share/texlive/texmf-dist/tex/latex/base/alltt.sty
Package: alltt 1997/06/16 v2.0g defines alltt environment
)
(/usr/share/texlive/texmf-dist/tex/latex/tools/array.sty
Package: array 2014/10/28 v2.4c Tabular extension package (FMi)
\col@sep=\dimen105
\extrarowheight=\dimen106
\NC@list=\toks14
\extratabsurround=\skip46
\backup@length=\skip47
)
(/usr/share/texlive/texmf-dist/tex/latex/float/float.sty
Package: float 2001/11/08 v1.3d Float enhancements (AL)
\c@float@type=\count91
\float@exts=\toks15
\float@box=\box26
\@float@everytoks=\toks16
\@floatcapt=\box27
)
(/usr/share/texlive/texmf-dist/tex/latex/base/ifthen.sty
Package: ifthen 2014/09/29 v1.1c Standard LaTeX ifthen package (DPC)
)
(/usr/share/texlive/texmf-dist/tex/latex/tools/verbatim.sty
Package: verbatim 2014/10/28 v1.5q LaTeX2e package for verbatim enhancements
\every@verbatim=\toks17
\verbatim@line=\toks18
\verbatim@in@stream=\read1
)
(/usr/share/texlive/texmf-dist/tex/latex/xcolor/xcolor.sty
Package: xcolor 2007/01/21 v2.11 LaTeX color extensions (UK)

(/usr/share/texlive/texmf-dist/tex/latex/latexconfig/color.cfg
File: color.cfg 2007/01/18 v1.5 color configuration of teTeX/TeXLive
)
Package xcolor Info: Driver file: pdftex.def on input line 225.

(/usr/share/texlive/texmf-dist/tex/latex/pdftex-def/pdftex.def
File: pdftex.def 2011/05/27 v0.06d Graphics/color for pdfTeX

(/usr/share/texlive/texmf-dist/tex/generic/oberdiek/infwarerr.sty
Package: infwarerr 2010/04/08 v1.3 Providing info/warning/error messages (HO)
)
(/usr/share/texlive/texmf-dist/tex/generic/oberdiek/ltxcmds.sty
Package: ltxcmds 2011/11/09 v1.22 LaTeX kernel commands for general use (HO)
)
\Gread@gobject=\count92
)
(/usr/share/texlive/texmf-dist/tex/latex/colortbl/colortbl.sty
Package: colortbl 2012/02/13 v1.0a Color table columns (DPC)
\everycr=\toks19
\minrowclearance=\skip48
)
\rownum=\count93
Package xcolor Info: Model `cmy' substituted by `cmy0' on input line 1337.
Package xcolor Info: Model `hsb' substituted by `rgb' on input line 1341.
Package xcolor Info: Model `RGB' extended on input line 1353.
Package xcolor Info: Model `HTML' substituted by `rgb' on input line 1355.
Package xcolor Info: Model `Hsb' substituted by `hsb' on input line 1356.
Package xcolor Info: Model `tHsb' substituted by `hsb' on input line 1357.
Package xcolor Info: Model `HSB' substituted by `hsb' on input line 1358.
Package xcolor Info: Model `Gray' substituted by `gray' on input line 1359.
Package xcolor Info: Model `wave' substituted by `hsb' on input line 1360.
)
(/usr/share/texlive/texmf-dist/tex/latex/xtab/xtab.sty
Package: xtab 2011/07/31 v2.3f Extended supertabular package
\c@tracingst=\count94
\PWSTcapht=\dimen107
\ST@wd=\dimen108
\ST@rightskip=\skip49
\ST@leftskip=\skip50
\ST@parfillskip=\skip51
\c@PWSTtable=\count95
\PWSTlastpage=\count96
\PWSTpenultimate=\count97
\PWSTcurpage=\count98
\PWSTtempc=\count99
\PWSTlines=\count100
\PWST@lastht=\dimen109
\PWST@generalht=\dimen110
\PWST@ht=\dimen111
\ST@pageleft=\dimen112
\ST@headht=\dimen113
\ST@tailht=\dimen114
\ST@pagesofar=\dimen115
\ST@pboxht=\dimen116
\ST@lineht=\dimen117
\ST@stretchht=\dimen118
\ST@prevht=\dimen119
\ST@toadd=\dimen120
\ST@dimen=\dimen121
\ST@pbox=\box28
)
\xrefbox=\box29
\xreflength=\skip52
\tmplength=\skip53
)
(/usr/share/texlive/texmf-dist/tex/latex/graphics/graphicx.sty
Package: graphicx 2014/04/25 v1.0g Enhanced LaTeX Graphics (DPC,SPQR)

(/usr/share/texlive/texmf-dist/tex/latex/graphics/keyval.sty
Package: keyval 2014/05/08 v1.15 key=value parser (DPC)
\KV@toks@=\toks20
)
(/usr/share/texlive/texmf-dist/tex/latex/graphics/graphics.sty
Package: graphics 2009/02/05 v1.0o Standard LaTeX Graphics (DPC,SPQR)

(/usr/share/texlive/texmf-dist/tex/latex/graphics/trig.sty
Package: trig 1999/03/16 v1.09 sin cos tan (DPC)
)
(/usr/share/texlive/texmf-dist/tex/latex/latexconfig/graphics.cfg
File: graphics.cfg 2010/04/23 v1.9 graphics configuration of TeX Live
)
Package graphics Info: Driver file: pdftex.def on input line 91.
)
\Gin@req@height=\dimen122
\Gin@req@width=\dimen123
)
(/usr/share/texlive/texmf-dist/tex/latex/base/inputenc.sty
Package: inputenc 2014/04/30 v1.2b Input encoding file
\inpenc@prehook=\toks21
\inpenc@posthook=\toks22

(/usr/share/texlive/texmf-dist/tex/latex/base/utf8.def
File: utf8.def 2014/09/29 v1.1m UTF-8 support for inputenc
Now handling font encoding OML ...
... no UTF-8 mapping file for font encoding OML
Now handling font encoding T1 ...
... processing UTF-8 mapping file for font encoding T1

(/usr/share/texlive/texmf-dist/tex/latex/base/t1enc.dfu
File: t1enc.dfu 2014/09/29 v1.1m UTF-8 support for inputenc
   defining Unicode char U+00A1 (decimal 161)
   defining Unicode char U+00A3 (decimal 163)
   defining Unicode char U+00AB (decimal 171)
   defining Unicode char U+00BB (decimal 187)
   defining Unicode char U+00BF (decimal 191)
   defining Unicode char U+00C0 (decimal 192)
   defining Unicode char U+00C1 (decimal 193)
   defining Unicode char U+00C2 (decimal 194)
   defining Unicode char U+00C3 (decimal 195)
   defining Unicode char U+00C4 (decimal 196)
   defining Unicode char U+00C5 (decimal 197)
   defining Unicode char U+00C6 (decimal 198)
   defining Unicode char U+00C7 (decimal 199)
   defining Unicode char U+00C8 (decimal 200)
   defining Unicode char U+00C9 (decimal 201)
   defining Unicode char U+00CA (decimal 202)
   defining Unicode char U+00CB (decimal 203)
   defining Unicode char U+00CC (decimal 204)
   defining Unicode char U+00CD (decimal 205)
   defining Unicode char U+00CE (decimal 206)
   defining Unicode char U+00CF (decimal 207)
   defining Unicode char U+00D0 (decimal 208)
   defining Unicode char U+00D1 (decimal 209)
   defining Unicode char U+00D2 (decimal 210)
   defining Unicode char U+00D3 (decimal 211)
   defining Unicode char U+00D4 (decimal 212)
   defining Unicode char U+00D5 (decimal 213)
   defining Unicode char U+00D6 (decimal 214)
   defining Unicode char U+00D8 (decimal 216)
   defining Unicode char U+00D9 (decimal 217)
   defining Unicode char U+00DA (decimal 218)
   defining Unicode char U+00DB (decimal 219)
   defining Unicode char U+00DC (decimal 220)
   defining Unicode char U+00DD (decimal 221)
   defining Unicode char U+00DE (decimal 222)
   defining Unicode char U+00DF (decimal 223)
   defining Unicode char U+00E0 (decimal 224)
   defining Unicode char U+00E1 (decimal 225)
   defining Unicode char U+00E2 (decimal 226)
   defining Unicode char U+00E3 (decimal 227)
   defining Unicode char U+00E4 (decimal 228)
   defining Unicode char U+00E5 (decimal 229)
   defining Unicode char U+00E6 (decimal 230)
   defining Unicode char U+00E7 (decimal 231)
   defining Unicode char U+00E8 (decimal 232)
   defining Unicode char U+00E9 (decimal 233)
   defining Unicode char U+00EA (decimal 234)
   defining Unicode char U+00EB (decimal 235)
   defining Unicode char U+00EC (decimal 236)
   defining Unicode char U+00ED (decimal 237)
   defining Unicode char U+00EE (decimal 238)
   defining Unicode char U+00EF (decimal 239)
   defining Unicode char U+00F0 (decimal 240)
   defining Unicode char U+00F1 (decimal 241)
   defining Unicode char U+00F2 (decimal 242)
   defining Unicode char U+00F3 (decimal 243)
   defining Unicode char U+00F4 (decimal 244)
   defining Unicode char U+00F5 (decimal 245)
   defining Unicode char U+00F6 (decimal 246)
   defining Unicode char U+00F8 (decimal 248)
   defining Unicode char U+00F9 (decimal 249)
   defining Unicode char U+00FA (decimal 250)
   defining Unicode char U+00FB (decimal 251)
   defining Unicode char U+00FC (decimal 252)
   defining Unicode char U+00FD (decimal 253)
   defining Unicode char U+00FE (decimal 254)
   defining Unicode char U+00FF (decimal 255)
   defining Unicode char U+0102 (decimal 258)
   defining Unicode char U+0103 (decimal 259)
   defining Unicode char U+0104 (decimal 260)
   defining Unicode char U+0105 (decimal 261)
   defining Unicode char U+0106 (decimal 262)
   defining Unicode char U+0107 (decimal 263)
   defining Unicode char U+010C (decimal 268)
   defining Unicode char U+010D (decimal 269)
   defining Unicode char U+010E (decimal 270)
   defining Unicode char U+010F (decimal 271)
   defining Unicode char U+0110 (decimal 272)
   defining Unicode char U+0111 (decimal 273)
   defining Unicode char U+0118 (decimal 280)
   defining Unicode char U+0119 (decimal 281)
   defining Unicode char U+011A (decimal 282)
   defining Unicode char U+011B (decimal 283)
   defining Unicode char U+011E (decimal 286)
   defining Unicode char U+011F (decimal 287)
   defining Unicode char U+0130 (decimal 304)
   defining Unicode char U+0131 (decimal 305)
   defining Unicode char U+0132 (decimal 306)
   defining Unicode char U+0133 (decimal 307)
   defining Unicode char U+0139 (decimal 313)
   defining Unicode char U+013A (decimal 314)
   defining Unicode char U+013D (decimal 317)
   defining Unicode char U+013E (decimal 318)
   defining Unicode char U+0141 (decimal 321)
   defining Unicode char U+0142 (decimal 322)
   defining Unicode char U+0143 (decimal 323)
   defining Unicode char U+0144 (decimal 324)
   defining Unicode char U+0147 (decimal 327)
   defining Unicode char U+0148 (decimal 328)
   defining Unicode char U+014A (decimal 330)
   defining Unicode char U+014B (decimal 331)
   defining Unicode char U+0150 (decimal 336)
   defining Unicode char U+0151 (decimal 337)
   defining Unicode char U+0152 (decimal 338)
   defining Unicode char U+0153 (decimal 339)
   defining Unicode char U+0154 (decimal 340)
   defining Unicode char U+0155 (decimal 341)
   defining Unicode char U+0158 (decimal 344)
   defining Unicode char U+0159 (decimal 345)
   defining Unicode char U+015A (decimal 346)
   defining Unicode char U+015B (decimal 347)
   defining Unicode char U+015E (decimal 350)
   defining Unicode char U+015F (decimal 351)
   defining Unicode char U+0160 (decimal 352)
   defining Unicode char U+0161 (decimal 353)
   defining Unicode char U+0162 (decimal 354)
   defining Unicode char U+0163 (decimal 355)
   defining Unicode char U+0164 (decimal 356)
   defining Unicode char U+0165 (decimal 357)
   defining Unicode char U+016E (decimal 366)
   defining Unicode char U+016F (decimal 367)
   defining Unicode char U+0170 (decimal 368)
   defining Unicode char U+0171 (decimal 369)
   defining Unicode char U+0178 (decimal 376)
   defining Unicode char U+0179 (decimal 377)
   defining Unicode char U+017A (decimal 378)
   defining Unicode char U+017B (decimal 379)
   defining Unicode char U+017C (decimal 380)
   defining Unicode char U+017D (decimal 381)
   defining Unicode char U+017E (decimal 382)
   defining Unicode char U+200C (decimal 8204)
   defining Unicode char U+2013 (decimal 8211)
   defining Unicode char U+2014 (decimal 8212)
   defining Unicode char U+2018 (decimal 8216)
   defining Unicode char U+2019 (decimal 8217)
   defining Unicode char U+201A (decimal 8218)
   defining Unicode char U+201C (decimal 8220)
   defining Unicode char U+201D (decimal 8221)
   defining Unicode char U+201E (decimal 8222)
   defining Unicode char U+2030 (decimal 8240)
   defining Unicode char U+2031 (decimal 8241)
   defining Unicode char U+2039 (decimal 8249)
   defining Unicode char U+203A (decimal 8250)
   defining Unicode char U+2423 (decimal 9251)
)
Now handling font encoding OT1 ...
... processing UTF-8 mapping file for font encoding OT1

(/usr/share/texlive/texmf-dist/tex/latex/base/ot1enc.dfu
File: ot1enc.dfu 2014/09/29 v1.1m UTF-8 support for inputenc
   defining Unicode char U+00A1 (decimal 161)
   defining Unicode char U+00A3 (decimal 163)
   defining Unicode char U+00B8 (decimal 184)
   defining Unicode char U+00BF (decimal 191)
   defining Unicode char U+00C5 (decimal 197)
   defining Unicode char U+00C6 (decimal 198)
   defining Unicode char U+00D8 (decimal 216)
   defining Unicode char U+00DF (decimal 223)
   defining Unicode char U+00E6 (decimal 230)
   defining Unicode char U+00EC (decimal 236)
   defining Unicode char U+00ED (decimal 237)
   defining Unicode char U+00EE (decimal 238)
   defining Unicode char U+00EF (decimal 239)
   defining Unicode char U+00F8 (decimal 248)
   defining Unicode char U+0131 (decimal 305)
   defining Unicode char U+0141 (decimal 321)
   defining Unicode char U+0142 (decimal 322)
   defining Unicode char U+0152 (decimal 338)
   defining Unicode char U+0153 (decimal 339)
   defining Unicode char U+2013 (decimal 8211)
   defining Unicode char U+2014 (decimal 8212)
   defining Unicode char U+2018 (decimal 8216)
   defining Unicode char U+2019 (decimal 8217)
   defining Unicode char U+201C (decimal 8220)
   defining Unicode char U+201D (decimal 8221)
)
Now handling font encoding OMS ...
... processing UTF-8 mapping file for font encoding OMS

(/usr/share/texlive/texmf-dist/tex/latex/base/omsenc.dfu
File: omsenc.dfu 2014/09/29 v1.1m UTF-8 support for inputenc
   defining Unicode char U+00A7 (decimal 167)
   defining Unicode char U+00B6 (decimal 182)
   defining Unicode char U+00B7 (decimal 183)
   defining Unicode char U+2020 (decimal 8224)
   defining Unicode char U+2021 (decimal 8225)
   defining Unicode char U+2022 (decimal 8226)
)
Now handling font encoding OMX ...
... no UTF-8 mapping file for font encoding OMX
Now handling font encoding U ...
... no UTF-8 mapping file for font encoding U
   defining Unicode char U+00A9 (decimal 169)
   defining Unicode char U+00AA (decimal 170)
   defining Unicode char U+00AE (decimal 174)
   defining Unicode char U+00BA (decimal 186)
   defining Unicode char U+02C6 (decimal 710)
   defining Unicode char U+02DC (decimal 732)
   defining Unicode char U+200C (decimal 8204)
   defining Unicode char U+2026 (decimal 8230)
   defining Unicode char U+2122 (decimal 8482)
   defining Unicode char U+2423 (decimal 9251)
))
(/usr/share/texlive/texmf-dist/tex/latex/base/makeidx.sty
Package: makeidx 2014/09/29 v1.0m Standard LaTeX package
)
(/usr/share/texlive/texmf-dist/tex/latex/tools/multicol.sty
Package: multicol 2014/10/28 v1.8i multicolumn formatting (FMi)
\c@tracingmulticols=\count101
\mult@box=\box30
\multicol@leftmargin=\dimen124
\c@unbalance=\count102
\c@collectmore=\count103
\doublecol@number=\count104
\multicoltolerance=\count105
\multicolpretolerance=\count106
\full@width=\dimen125
\page@free=\dimen126
\premulticols=\dimen127
\postmulticols=\dimen128
\multicolsep=\skip54
\multicolbaselineskip=\skip55
\partial@page=\box31
\last@line=\box32
\maxbalancingoverflow=\dimen129
\mult@rightbox=\box33
\mult@grightbox=\box34
\mult@gfirstbox=\box35
\mult@firstbox=\box36
\@tempa=\box37
\@tempa=\box38
\@tempa=\box39
\@tempa=\box40
\@tempa=\box41
\@tempa=\box42
\@tempa=\box43
\@tempa=\box44
\@tempa=\box45
\@tempa=\box46
\@tempa=\box47
\@tempa=\box48
\@tempa=\box49
\@tempa=\box50
\@tempa=\box51
\@tempa=\box52
\@tempa=\box53
\c@columnbadness=\count107
\c@finalcolumnbadness=\count108
\last@try=\dimen130
\multicolovershoot=\dimen131
\multicolundershoot=\dimen132
\mult@nat@firstbox=\box54
\colbreak@box=\box55
\mc@col@check@num=\count109
)
(/usr/share/texlive/texmf-dist/tex/latex/multirow/multirow.sty
\bigstrutjot=\dimen133
)
(/usr/share/texlive/texmf-dist/tex/latex/base/textcomp.sty
Package: textcomp 2005/09/27 v1.99g Standard LaTeX package
Package textcomp Info: Sub-encoding information:
(textcomp)               5 = only ISO-Adobe without \textcurrency
(textcomp)               4 = 5 + \texteuro
(textcomp)               3 = 4 + \textohm
(textcomp)               2 = 3 + \textestimated + \textcurrency
(textcomp)               1 = TS1 - \textcircled - \t
(textcomp)               0 = TS1 (full)
(textcomp)             Font families with sub-encoding setting implement
(textcomp)             only a restricted character set as indicated.
(textcomp)             Family '?' is the default used for unknown fonts.
(textcomp)             See the documentation for details.
Package textcomp Info: Setting ? sub-encoding to TS1/1 on input line 71.

(/usr/share/texlive/texmf-dist/tex/latex/base/ts1enc.def
File: ts1enc.def 2001/06/05 v3.0e (jk/car/fm) Standard LaTeX file
Now handling font encoding TS1 ...
... processing UTF-8 mapping file for font encoding TS1

(/usr/share/texlive/texmf-dist/tex/latex/base/ts1enc.dfu
File: ts1enc.dfu 2014/09/29 v1.1m UTF-8 support for inputenc
   defining Unicode char U+00A2 (decimal 162)
   defining Unicode char U+00A3 (decimal 163)
   defining Unicode char U+00A4 (decimal 164)
   defining Unicode char U+00A5 (decimal 165)
   defining Unicode char U+00A6 (decimal 166)
   defining Unicode char U+00A7 (decimal 167)
   defining Unicode char U+00A8 (decimal 168)
   defining Unicode char U+00A9 (decimal 169)
   defining Unicode char U+00AA (decimal 170)
   defining Unicode char U+00AC (decimal 172)
   defining Unicode char U+00AE (decimal 174)
   defining Unicode char U+00AF (decimal 175)
   defining Unicode char U+00B0 (decimal 176)
   defining Unicode char U+00B1 (decimal 177)
   defining Unicode char U+00B2 (decimal 178)
   defining Unicode char U+00B3 (decimal 179)
   defining Unicode char U+00B4 (decimal 180)
   defining Unicode char U+00B5 (decimal 181)
   defining Unicode char U+00B6 (decimal 182)
   defining Unicode char U+00B7 (decimal 183)
   defining Unicode char U+00B9 (decimal 185)
   defining Unicode char U+00BA (decimal 186)
   defining Unicode char U+00BC (decimal 188)
   defining Unicode char U+00BD (decimal 189)
   defining Unicode char U+00BE (decimal 190)
   defining Unicode char U+00D7 (decimal 215)
   defining Unicode char U+00F7 (decimal 247)
   defining Unicode char U+0192 (decimal 402)
   defining Unicode char U+02C7 (decimal 711)
   defining Unicode char U+02D8 (decimal 728)
   defining Unicode char U+02DD (decimal 733)
   defining Unicode char U+0E3F (decimal 3647)
   defining Unicode char U+2016 (decimal 8214)
   defining Unicode char U+2020 (decimal 8224)
   defining Unicode char U+2021 (decimal 8225)
   defining Unicode char U+2022 (decimal 8226)
   defining Unicode char U+2030 (decimal 8240)
   defining Unicode char U+2031 (decimal 8241)
   defining Unicode char U+203B (decimal 8251)
   defining Unicode char U+203D (decimal 8253)
   defining Unicode char U+2044 (decimal 8260)
   defining Unicode char U+204E (decimal 8270)
   defining Unicode char U+2052 (decimal 8274)
   defining Unicode char U+20A1 (decimal 8353)
   defining Unicode char U+20A4 (decimal 8356)
   defining Unicode char U+20A6 (decimal 8358)
   defining Unicode char U+20A9 (decimal 8361)
   defining Unicode char U+20AB (decimal 8363)
   defining Unicode char U+20AC (decimal 8364)
   defining Unicode char U+20B1 (decimal 8369)
   defining Unicode char U+2103 (decimal 8451)
   defining Unicode char U+2116 (decimal 8470)
   defining Unicode char U+2117 (decimal 8471)
   defining Unicode char U+211E (decimal 8478)
   defining Unicode char U+2120 (decimal 8480)
   defining Unicode char U+2122 (decimal 8482)
   defining Unicode char U+2126 (decimal 8486)
   defining Unicode char U+2127 (decimal 8487)
   defining Unicode char U+212E (decimal 8494)
   defining Unicode char U+2190 (decimal 8592)
   defining Unicode char U+2191 (decimal 8593)
   defining Unicode char U+2192 (decimal 8594)
   defining Unicode char U+2193 (decimal 8595)
   defining Unicode char U+2329 (decimal 9001)
   defining Unicode char U+232A (decimal 9002)
   defining Unicode char U+2422 (decimal 9250)
   defining Unicode char U+25E6 (decimal 9702)
   defining Unicode char U+25EF (decimal 9711)
   defining Unicode char U+266A (decimal 9834)
))
LaTeX Info: Redefining \oldstylenums on input line 266.
Package textcomp Info: Setting cmr sub-encoding to TS1/0 on input line 281.
Package textcomp Info: Setting cmss sub-encoding to TS1/0 on input line 282.
Package textcomp Info: Setting cmtt sub-encoding to TS1/0 on input line 283.
Package textcomp Info: Setting cmvtt sub-encoding to TS1/0 on input line 284.
Package textcomp Info: Setting cmbr sub-encoding to TS1/0 on input line 285.
Package textcomp Info: Setting cmtl sub-encoding to TS1/0 on input line 286.
Package textcomp Info: Setting ccr sub-encoding to TS1/0 on input line 287.
Package textcomp Info: Setting ptm sub-encoding to TS1/4 on input line 288.
Package textcomp Info: Setting pcr sub-encoding to TS1/4 on input line 289.
Package textcomp Info: Setting phv sub-encoding to TS1/4 on input line 290.
Package textcomp Info: Setting ppl sub-encoding to TS1/3 on input line 291.
Package textcomp Info: Setting pag sub-encoding to TS1/4 on input line 292.
Package textcomp Info: Setting pbk sub-encoding to TS1/4 on input line 293.
Package textcomp Info: Setting pnc sub-encoding to TS1/4 on input line 294.
Package textcomp Info: Setting pzc sub-encoding to TS1/4 on input line 295.
Package textcomp Info: Setting bch sub-encoding to TS1/4 on input line 296.
Package textcomp Info: Setting put sub-encoding to TS1/5 on input line 297.
Package textcomp Info: Setting uag sub-encoding to TS1/5 on input line 298.
Package textcomp Info: Setting ugq sub-encoding to TS1/5 on input line 299.
Package textcomp Info: Setting ul8 sub-encoding to TS1/4 on input line 300.
Package textcomp Info: Setting ul9 sub-encoding to TS1/4 on input line 301.
Package textcomp Info: Setting augie sub-encoding to TS1/5 on input line 302.
Package textcomp Info: Setting dayrom sub-encoding to TS1/3 on input line 303.
Package textcomp Info: Setting dayroms sub-encoding to TS1/3 on input line 304.

Package textcomp Info: Setting pxr sub-encoding to TS1/0 on input line 305.
Package textcomp Info: Setting pxss sub-encoding to TS1/0 on input line 306.
Package textcomp Info: Setting pxtt sub-encoding to TS1/0 on input line 307.
Package textcomp Info: Setting txr sub-encoding to TS1/0 on input line 308.
Package textcomp Info: Setting txss sub-encoding to TS1/0 on input line 309.
Package textcomp Info: Setting txtt sub-encoding to TS1/0 on input line 310.
Package textcomp Info: Setting lmr sub-encoding to TS1/0 on input line 311.
Package textcomp Info: Setting lmdh sub-encoding to TS1/0 on input line 312.
Package textcomp Info: Setting lmss sub-encoding to TS1/0 on input line 313.
Package textcomp Info: Setting lmssq sub-encoding to TS1/0 on input line 314.
Package textcomp Info: Setting lmvtt sub-encoding to TS1/0 on input line 315.
Package textcomp Info: Setting qhv sub-encoding to TS1/0 on input line 316.
Package textcomp Info: Setting qag sub-encoding to TS1/0 on input line 317.
Package textcomp Info: Setting qbk sub-encoding to TS1/0 on input line 318.
Package textcomp Info: Setting qcr sub-encoding to TS1/0 on input line 319.
Package textcomp Info: Setting qcs sub-encoding to TS1/0 on input line 320.
Package textcomp Info: Setting qpl sub-encoding to TS1/0 on input line 321.
Package textcomp Info: Setting qtm sub-encoding to TS1/0 on input line 322.
Package textcomp Info: Setting qzc sub-encoding to TS1/0 on input line 323.
Package textcomp Info: Setting qhvc sub-encoding to TS1/0 on input line 324.
Package textcomp Info: Setting futs sub-encoding to TS1/4 on input line 325.
Package textcomp Info: Setting futx sub-encoding to TS1/4 on input line 326.
Package textcomp Info: Setting futj sub-encoding to TS1/4 on input line 327.
Package textcomp Info: Setting hlh sub-encoding to TS1/3 on input line 328.
Package textcomp Info: Setting hls sub-encoding to TS1/3 on input line 329.
Package textcomp Info: Setting hlst sub-encoding to TS1/3 on input line 330.
Package textcomp Info: Setting hlct sub-encoding to TS1/5 on input line 331.
Package textcomp Info: Setting hlx sub-encoding to TS1/5 on input line 332.
Package textcomp Info: Setting hlce sub-encoding to TS1/5 on input line 333.
Package textcomp Info: Setting hlcn sub-encoding to TS1/5 on input line 334.
Package textcomp Info: Setting hlcw sub-encoding to TS1/5 on input line 335.
Package textcomp Info: Setting hlcf sub-encoding to TS1/5 on input line 336.
Package textcomp Info: Setting pplx sub-encoding to TS1/3 on input line 337.
Package textcomp Info: Setting pplj sub-encoding to TS1/3 on input line 338.
Package textcomp Info: Setting ptmx sub-encoding to TS1/4 on input line 339.
Package textcomp Info: Setting ptmj sub-encoding to TS1/4 on input line 340.
)
(/usr/share/texlive/texmf-dist/tex/latex/wasysym/wasysym.sty
Package: wasysym 2003/10/30 v2.0 Wasy-2 symbol support package
\symwasy=\mathgroup4
LaTeX Font Info:    Overwriting symbol font `wasy' in version `bold'
(Font)                  U/wasy/m/n --> U/wasy/b/n on input line 90.
)
(/usr/share/texlive/texmf-dist/tex/latex/base/fontenc.sty
Package: fontenc 2005/09/27 v1.99g Standard LaTeX package

(/usr/share/texlive/texmf-dist/tex/latex/base/t1enc.def
File: t1enc.def 2005/09/27 v1.99g Standard LaTeX file
LaTeX Font Info:    Redeclaring font encoding T1 on input line 43.
))
(/usr/share/texlive/texmf-dist/tex/latex/psnfss/mathptmx.sty
Package: mathptmx 2005/04/12 PSNFSS-v9.2a Times w/ Math, improved (SPQR, WaS) 
LaTeX Font Info:    Redeclaring symbol font `operators' on input line 28.
LaTeX Font Info:    Overwriting symbol font `operators' in version `normal'
(Font)                  OT1/cmr/m/n --> OT1/ztmcm/m/n on input line 28.
LaTeX Font Info:    Overwriting symbol font `operators' in version `bold'
(Font)                  OT1/cmr/bx/n --> OT1/ztmcm/m/n on input line 28.
LaTeX Font Info:    Redeclaring symbol font `letters' on input line 29.
LaTeX Font Info:    Overwriting symbol font `letters' in version `normal'
(Font)                  OML/cmm/m/it --> OML/ztmcm/m/it on input line 29.
LaTeX Font Info:    Overwriting symbol font `letters' in version `bold'
(Font)                  OML/cmm/b/it --> OML/ztmcm/m/it on input line 29.
LaTeX Font Info:    Redeclaring symbol font `symbols' on input line 30.
LaTeX Font Info:    Overwriting symbol font `symbols' in version `normal'
(Font)                  OMS/cmsy/m/n --> OMS/ztmcm/m/n on input line 30.
LaTeX Font Info:    Overwriting symbol font `symbols' in version `bold'
(Font)                  OMS/cmsy/b/n --> OMS/ztmcm/m/n on input line 30.
LaTeX Font Info:    Redeclaring symbol font `largesymbols' on input line 31.
LaTeX Font Info:    Overwriting symbol font `largesymbols' in version `normal'
(Font)                  OMX/cmex/m/n --> OMX/ztmcm/m/n on input line 31.
LaTeX Font Info:    Overwriting symbol font `largesymbols' in version `bold'
(Font)                  OMX/cmex/m/n --> OMX/ztmcm/m/n on input line 31.
\symbold=\mathgroup5
\symitalic=\mathgroup6
LaTeX Font Info:    Redeclaring math alphabet \mathbf on input line 34.
LaTeX Font Info:    Overwriting math alphabet `\mathbf' in version `normal'
(Font)                  OT1/cmr/bx/n --> OT1/ptm/bx/n on input line 34.
LaTeX Font Info:    Overwriting math alphabet `\mathbf' in version `bold'
(Font)                  OT1/cmr/bx/n --> OT1/ptm/bx/n on input line 34.
LaTeX Font Info:    Redeclaring math alphabet \mathit on input line 35.
LaTeX Font Info:    Overwriting math alphabet `\mathit' in version `normal'
(Font)                  OT1/cmr/m/it --> OT1/ptm/m/it on input line 35.
LaTeX Font Info:    Overwriting math alphabet `\mathit' in version `bold'
(Font)                  OT1/cmr/bx/it --> OT1/ptm/m/it on input line 35.
LaTeX Info: Redefining \hbar on input line 50.
)
(/usr/share/texlive/texmf-dist/tex/latex/psnfss/helvet.sty
Package: helvet 2005/04/12 PSNFSS-v9.2a (WaS) 
)
(/usr/share/texlive/texmf-dist/tex/latex/psnfss/courier.sty
Package: courier 2005/04/12 PSNFSS-v9.2a (WaS) 
)
(/usr/share/texlive/texmf-dist/tex/latex/amsfonts/amssymb.sty
Package: amssymb 2013/01/14 v3.01 AMS font symbols

(/usr/share/texlive/texmf-dist/tex/latex/amsfonts/amsfonts.sty
Package: amsfonts 2013/01/14 v3.01 Basic AMSFonts support
\@emptytoks=\toks23
\symAMSa=\mathgroup7
\symAMSb=\mathgroup8
LaTeX Font Info:    Overwriting math alphabet `\mathfrak' in version `bold'
(Font)                  U/euf/m/n --> U/euf/b/n on input line 106.
))
(/usr/share/texlive/texmf-dist/tex/latex/sectsty/sectsty.sty
Package: sectsty 2002/02/25 v2.0.2 Commands to change all sectional heading sty
les
)
(/usr/share/texlive/texmf-dist/tex/latex/geometry/geometry.sty
Package: geometry 2010/09/12 v5.6 Page Geometry

(/usr/share/texlive/texmf-dist/tex/generic/oberdiek/ifpdf.sty
Package: ifpdf 2011/01/30 v2.3 Provides the ifpdf switch (HO)
Package ifpdf Info: pdfTeX in PDF mode is detected.
)
(/usr/share/texlive/texmf-dist/tex/generic/oberdiek/ifvtex.sty
Package: ifvtex 2010/03/01 v1.5 Detect VTeX and its facilities (HO)
Package ifvtex Info: VTeX not detected.
)
(/usr/share/texlive/texmf-dist/tex/generic/ifxetex/ifxetex.sty
Package: ifxetex 2010/09/12 v0.6 Provides ifxetex conditional
)
\Gm@cnth=\count110
\Gm@cntv=\count111
\c@Gm@tempcnt=\count112
\Gm@bindingoffset=\dimen134
\Gm@wd@mp=\dimen135
\Gm@odd@mp=\dimen136
\Gm@even@mp=\dimen137
\Gm@layoutwidth=\dimen138
\Gm@layoutheight=\dimen139
\Gm@layouthoffset=\dimen140
\Gm@layoutvoffset=\dimen141
\Gm@dimlist=\toks24
)
(/usr/share/texlive/texmf-dist/tex/latex/fancyhdr/fancyhdr.sty
\fancy@headwidth=\skip56
\f@ncyO@elh=\skip57
\f@ncyO@erh=\skip58
\f@ncyO@olh=\skip59
\f@ncyO@orh=\skip60
\f@ncyO@elf=\skip61
\f@ncyO@erf=\skip62
\f@ncyO@olf=\skip63
\f@ncyO@orf=\skip64
)
(/usr/share/texlive/texmf-dist/tex/latex/natbib/natbib.sty
Package: natbib 2010/09/13 8.31b (PWD, AO)
\bibhang=\skip65
\bibsep=\skip66
LaTeX Info: Redefining \cite on input line 694.
\c@NAT@ctr=\count113
)
(/usr/share/texlive/texmf-dist/tex/latex/tocloft/tocloft.sty
Package: tocloft 2013/05/02 v2.3f parameterised ToC, etc., typesetting
Package tocloft Info: The document has chapter divisions on input line 44.
\cftparskip=\skip67
\cftbeforetoctitleskip=\skip68
\cftaftertoctitleskip=\skip69
\cftbeforepartskip=\skip70
\cftpartnumwidth=\skip71
\cftpartindent=\skip72
\cftbeforechapskip=\skip73
\cftchapindent=\skip74
\cftchapnumwidth=\skip75
\cftbeforesecskip=\skip76
\cftsecindent=\skip77
\cftsecnumwidth=\skip78
\cftbeforesubsecskip=\skip79
\cftsubsecindent=\skip80
\cftsubsecnumwidth=\skip81
\cftbeforesubsubsecskip=\skip82
\cftsubsubsecindent=\skip83
\cftsubsubsecnumwidth=\skip84
\cftbeforeparaskip=\skip85
\cftparaindent=\skip86
\cftparanumwidth=\skip87
\cftbeforesubparaskip=\skip88
\cftsubparaindent=\skip89
\cftsubparanumwidth=\skip90
\cftbeforeloftitleskip=\skip91
\cftafterloftitleskip=\skip92
\cftbeforefigskip=\skip93
\cftfigindent=\skip94
\cftfignumwidth=\skip95
\c@lofdepth=\count114
\c@lotdepth=\count115
\cftbeforelottitleskip=\skip96
\cftafterlottitleskip=\skip97
\cftbeforetabskip=\skip98
\cfttabindent=\skip99
\cfttabnumwidth=\skip100
)
\@indexfile=\write3
\openout3 = `refman.idx'.


Writing index file refman.idx
(/usr/share/texlive/texmf-dist/tex/latex/hyperref/hyperref.sty
Package: hyperref 2012/11/06 v6.83m Hypertext links for LaTeX

(/usr/share/texlive/texmf-dist/tex/generic/oberdiek/hobsub-hyperref.sty
Package: hobsub-hyperref 2012/05/28 v1.13 Bundle oberdiek, subset hyperref (HO)


(/usr/share/texlive/texmf-dist/tex/generic/oberdiek/hobsub-generic.sty
Package: hobsub-generic 2012/05/28 v1.13 Bundle oberdiek, subset generic (HO)
Package: hobsub 2012/05/28 v1.13 Construct package bundles (HO)
Package hobsub Info: Skipping package `infwarerr' (already loaded).
Package hobsub Info: Skipping package `ltxcmds' (already loaded).
Package: ifluatex 2010/03/01 v1.3 Provides the ifluatex switch (HO)
Package ifluatex Info: LuaTeX not detected.
Package hobsub Info: Skipping package `ifvtex' (already loaded).
Package: intcalc 2007/09/27 v1.1 Expandable calculations with integers (HO)
Package hobsub Info: Skipping package `ifpdf' (already loaded).
Package: etexcmds 2011/02/16 v1.5 Avoid name clashes with e-TeX commands (HO)
Package etexcmds Info: Could not find \expanded.
(etexcmds)             That can mean that you are not using pdfTeX 1.50 or
(etexcmds)             that some package has redefined \expanded.
(etexcmds)             In the latter case, load this package earlier.
Package: kvsetkeys 2012/04/25 v1.16 Key value parser (HO)
Package: kvdefinekeys 2011/04/07 v1.3 Define keys (HO)
Package: pdftexcmds 2011/11/29 v0.20 Utility functions of pdfTeX for LuaTeX (HO
)
Package pdftexcmds Info: LuaTeX not detected.
Package pdftexcmds Info: \pdf@primitive is available.
Package pdftexcmds Info: \pdf@ifprimitive is available.
Package pdftexcmds Info: \pdfdraftmode found.
Package: pdfescape 2011/11/25 v1.13 Implements pdfTeX's escape features (HO)
Package: bigintcalc 2012/04/08 v1.3 Expandable calculations on big integers (HO
)
Package: bitset 2011/01/30 v1.1 Handle bit-vector datatype (HO)
Package: uniquecounter 2011/01/30 v1.2 Provide unlimited unique counter (HO)
)
Package hobsub Info: Skipping package `hobsub' (already loaded).
Package: letltxmacro 2010/09/02 v1.4 Let assignment for LaTeX macros (HO)
Package: hopatch 2012/05/28 v1.2 Wrapper for package hooks (HO)
Package: xcolor-patch 2011/01/30 xcolor patch
Package: atveryend 2011/06/30 v1.8 Hooks at the very end of document (HO)
Package atveryend Info: \enddocument detected (standard20110627).
Package: atbegshi 2011/10/05 v1.16 At begin shipout hook (HO)
Package: refcount 2011/10/16 v3.4 Data extraction from label references (HO)
Package: hycolor 2011/01/30 v1.7 Color options for hyperref/bookmark (HO)
)
(/usr/share/texlive/texmf-dist/tex/latex/oberdiek/auxhook.sty
Package: auxhook 2011/03/04 v1.3 Hooks for auxiliary files (HO)
)
(/usr/share/texlive/texmf-dist/tex/latex/oberdiek/kvoptions.sty
Package: kvoptions 2011/06/30 v3.11 Key value format for package options (HO)
)
\@linkdim=\dimen142
\Hy@linkcounter=\count116
\Hy@pagecounter=\count117

(/usr/share/texlive/texmf-dist/tex/latex/hyperref/pd1enc.def
File: pd1enc.def 2012/11/06 v6.83m Hyperref: PDFDocEncoding definition (HO)
Now handling font encoding PD1 ...
... no UTF-8 mapping file for font encoding PD1
)
\Hy@SavedSpaceFactor=\count118

(/usr/share/texlive/texmf-dist/tex/latex/latexconfig/hyperref.cfg
File: hyperref.cfg 2002/06/06 v1.2 hyperref configuration of TeXLive
)
Package hyperref Info: Hyper figures OFF on input line 4443.
Package hyperref Info: Link nesting OFF on input line 4448.
Package hyperref Info: Hyper index ON on input line 4451.
Package hyperref Info: Plain pages OFF on input line 4458.
Package hyperref Info: Backreferencing ON on input line 4461.
Package hyperref Info: Implicit mode ON; LaTeX internals redefined.
Package hyperref Info: Bookmarks ON on input line 4688.

(/usr/share/texlive/texmf-dist/tex/latex/hyperref/backref.sty
Package: backref 2012/07/25 v1.38 Bibliographical back referencing

(/usr/share/texlive/texmf-dist/tex/latex/oberdiek/rerunfilecheck.sty
Package: rerunfilecheck 2011/04/15 v1.7 Rerun checks for auxiliary files (HO)
Package uniquecounter Info: New unique counter `rerunfilecheck' on input line 2
82.
))
\c@Hy@tempcnt=\count119

(/usr/share/texlive/texmf-dist/tex/latex/url/url.sty
\Urlmuskip=\muskip10
Package: url 2013/09/16  ver 3.4  Verb mode for urls, etc.
)
LaTeX Info: Redefining \url on input line 5041.
\XeTeXLinkMargin=\dimen143
\Fld@menulength=\count120
\Field@Width=\dimen144
\Fld@charsize=\dimen145
Package hyperref Info: Hyper figures OFF on input line 6295.
Package hyperref Info: Link nesting OFF on input line 6300.
Package hyperref Info: Hyper index ON on input line 6303.
Package hyperref Info: backreferencing ON on input line 6308.
Package hyperref Info: Link coloring OFF on input line 6315.
Package hyperref Info: Link coloring with OCG OFF on input line 6320.
Package hyperref Info: PDF/A mode OFF on input line 6325.
LaTeX Info: Redefining \ref on input line 6365.
LaTeX Info: Redefining \pageref on input line 6369.
\Hy@abspage=\count121
\c@Item=\count122
\c@Hfootnote=\count123
)

Package hyperref Message: Driver: hpdftex.

(/usr/share/texlive/texmf-dist/tex/latex/hyperref/hpdftex.def
File: hpdftex.def 2012/11/06 v6.83m Hyperref driver for pdfTeX
\Fld@listcount=\count124
\c@bookmark@seq@number=\count125
\Hy@SectionHShift=\skip101
)
Package hyperref Info: Option `colorlinks' set `true' on input line 105.
Package hyperref Info: Option `unicode' set `true' on input line 105.

(/usr/share/texlive/texmf-dist/tex/latex/hyperref/puenc.def
File: puenc.def 2012/11/06 v6.83m Hyperref: PDF Unicode definition (HO)
Now handling font encoding PU ...
... no UTF-8 mapping file for font encoding PU
) (./refman.aux)
\openout1 = `refman.aux'.

LaTeX Font Info:    Checking defaults for OML/cmm/m/it on input line 115.
LaTeX Font Info:    ... okay on input line 115.
LaTeX Font Info:    Checking defaults for T1/cmr/m/n on input line 115.
LaTeX Font Info:    ... okay on input line 115.
LaTeX Font Info:    Checking defaults for OT1/cmr/m/n on input line 115.
LaTeX Font Info:    ... okay on input line 115.
LaTeX Font Info:    Checking defaults for OMS/cmsy/m/n on input line 115.
LaTeX Font Info:    ... okay on input line 115.
LaTeX Font Info:    Checking defaults for OMX/cmex/m/n on input line 115.
LaTeX Font Info:    ... okay on input line 115.
LaTeX Font Info:    Checking defaults for U/cmr/m/n on input line 115.
LaTeX Font Info:    ... okay on input line 115.
LaTeX Font Info:    Checking defaults for TS1/cmr/m/n on input line 115.
LaTeX Font Info:    Try loading font information for TS1+cmr on input line 115.


(/usr/share/texlive/texmf-dist/tex/latex/base/ts1cmr.fd
File: ts1cmr.fd 2014/09/29 v2.5h Standard LaTeX font definitions
)
LaTeX Font Info:    ... okay on input line 115.
LaTeX Font Info:    Checking defaults for PD1/pdf/m/n on input line 115.
LaTeX Font Info:    ... okay on input line 115.
LaTeX Font Info:    Checking defaults for PU/pdf/m/n on input line 115.
LaTeX Font Info:    ... okay on input line 115.
LaTeX Font Info:    Try loading font information for T1+phv on input line 115.

(/usr/share/texlive/texmf-dist/tex/latex/psnfss/t1phv.fd
File: t1phv.fd 2001/06/04 scalable font definitions for T1/phv.
)
LaTeX Font Info:    Font shape `T1/phv/m/n' will be
(Font)              scaled to size 8.99994pt on input line 115.

(/usr/share/texlive/texmf-dist/tex/context/base/supp-pdf.mkii
[Loading MPS to PDF converter (version 2006.09.02).]
\scratchcounter=\count126
\scratchdimen=\dimen146
\scratchbox=\box56
\nofMPsegments=\count127
\nofMParguments=\count128
\everyMPshowfont=\toks25
\MPscratchCnt=\count129
\MPscratchDim=\dimen147
\MPnumerator=\count130
\makeMPintoPDFobject=\count131
\everyMPtoPDFconversion=\toks26
) (/usr/share/texlive/texmf-dist/tex/latex/oberdiek/epstopdf-base.sty
Package: epstopdf-base 2010/02/09 v2.5 Base part for package epstopdf

(/usr/share/texlive/texmf-dist/tex/latex/oberdiek/grfext.sty
Package: grfext 2010/08/19 v1.1 Manage graphics extensions (HO)
)
Package grfext Info: Graphics extension search list:
(grfext)             [.png,.pdf,.jpg,.mps,.jpeg,.jbig2,.jb2,.PNG,.PDF,.JPG,.JPE
G,.JBIG2,.JB2,.eps]
(grfext)             \AppendGraphicsExtensions on input line 452.

(/usr/share/texlive/texmf-dist/tex/latex/latexconfig/epstopdf-sys.cfg
File: epstopdf-sys.cfg 2010/07/13 v1.3 Configuration of (r)epstopdf for TeX Liv
e
))
\big@size=\dimen148

*geometry* driver: auto-detecting
*geometry* detected driver: pdftex
*geometry* verbose mode - [ preamble ] result:
* driver: pdftex
* paper: a4paper
* layout: <same size as paper>
* layoutoffset:(h,v)=(0.0pt,0.0pt)
* modes: twoside 
* h-part:(L,W,R)=(71.13188pt, 455.24411pt, 71.13188pt)
* v-part:(T,H,B)=(71.13188pt, 702.78308pt, 71.13188pt)
* \paperwidth=597.50787pt
* \paperheight=845.04684pt
* \textwidth=455.24411pt
* \textheight=702.78308pt
* \oddsidemargin=-1.1381pt
* \evensidemargin=-1.1381pt
* \topmargin=-31.2056pt
* \headheight=12.0pt
* \headsep=18.06749pt
* \topskip=10.0pt
* \footskip=25.29494pt
* \marginparwidth=125.0pt
* \marginparsep=7.0pt
* \columnsep=10.0pt
* \skip\footins=9.0pt plus 4.0pt minus 2.0pt
* \hoffset=0.0pt
* \voffset=0.0pt
* \mag=1000
* \@twocolumnfalse
* \@twosidetrue
* \@mparswitchtrue
* \@reversemarginfalse
* (1in=72.27pt=25.4mm, 1cm=28.453pt)

\AtBeginShipoutBox=\box57
Package backref Info: ** backref set up for natbib ** on input line 115.
Package hyperref Info: Link coloring ON on input line 115.
(/usr/share/texlive/texmf-dist/tex/latex/hyperref/nameref.sty
Package: nameref 2012/10/27 v2.43 Cross-referencing by name of section

(/usr/share/texlive/texmf-dist/tex/generic/oberdiek/gettitlestring.sty
Package: gettitlestring 2010/12/03 v1.4 Cleanup title references (HO)
)
\c@section@level=\count132
)
LaTeX Info: Redefining \ref on input line 115.
LaTeX Info: Redefining \pageref on input line 115.
LaTeX Info: Redefining \nameref on input line 115.

(./refman.out) (./refman.out)
\@outlinefile=\write4
\openout4 = `refman.out'.

Package hyperref Info: Option `pageanchor' set `false' on input line 122.


Package hyperref Warning: Option `bookmarks' has already been used,
(hyperref)                setting the option has no effect on input line 122.

Package hyperref Info: Option `bookmarksnumbered' set `true' on input line 122.

Package hyperref Info: Option `unicode' set `true' on input line 122.
LaTeX Font Info:    Font shape `T1/phv/m/n' will be
(Font)              scaled to size 12.9599pt on input line 127.
LaTeX Font Info:    Font shape `T1/phv/m/n' will be
(Font)              scaled to size 6.29996pt on input line 127.
LaTeX Font Info:    Try loading font information for OT1+ztmcm on input line 12
7.
(/usr/share/texlive/texmf-dist/tex/latex/psnfss/ot1ztmcm.fd
File: ot1ztmcm.fd 2000/01/03 Fontinst v1.801 font definitions for OT1/ztmcm.
)
LaTeX Font Info:    Try loading font information for OML+ztmcm on input line 12
7.

(/usr/share/texlive/texmf-dist/tex/latex/psnfss/omlztmcm.fd
File: omlztmcm.fd 2000/01/03 Fontinst v1.801 font definitions for OML/ztmcm.
)
LaTeX Font Info:    Try loading font information for OMS+ztmcm on input line 12
7.

(/usr/share/texlive/texmf-dist/tex/latex/psnfss/omsztmcm.fd
File: omsztmcm.fd 2000/01/03 Fontinst v1.801 font definitions for OMS/ztmcm.
)
LaTeX Font Info:    Try loading font information for OMX+ztmcm on input line 12
7.

(/usr/share/texlive/texmf-dist/tex/latex/psnfss/omxztmcm.fd
File: omxztmcm.fd 2000/01/03 Fontinst v1.801 font definitions for OMX/ztmcm.
)
LaTeX Font Info:    Try loading font information for U+wasy on input line 127.

(/usr/share/texlive/texmf-dist/tex/latex/wasysym/uwasy.fd
File: uwasy.fd 2003/10/30 v2.0 Wasy-2 symbol font definitions
)
LaTeX Font Info:    Try loading font information for OT1+ptm on input line 127.


(/usr/share/texlive/texmf-dist/tex/latex/psnfss/ot1ptm.fd
File: ot1ptm.fd 2001/06/04 font definitions for OT1/ptm.
)
LaTeX Font Info:    Font shape `OT1/ptm/bx/n' in size <7> not available
(Font)              Font shape `OT1/ptm/b/n' tried instead on input line 127.
LaTeX Font Info:    Font shape `OT1/ptm/bx/n' in size <5> not available
(Font)              Font shape `OT1/ptm/b/n' tried instead on input line 127.
LaTeX Font Info:    Font shape `T1/phv/m/n' will be
(Font)              scaled to size 10.79993pt on input line 129.
LaTeX Font Info:    Font shape `T1/phv/m/n' will be
(Font)              scaled to size 8.09995pt on input line 131.
 [1


{/var/lib/texmf/fonts/map/pdftex/updmap/pdftex.map}] [2

]
LaTeX Font Info:    Font shape `T1/phv/m/n' will be
(Font)              scaled to size 22.39185pt on input line 135.
LaTeX Font Info:    Font shape `T1/phv/bx/n' in size <24.88> not available
(Font)              Font shape `T1/phv/b/n' tried instead on input line 135.
LaTeX Font Info:    Font shape `T1/phv/b/n' will be
(Font)              scaled to size 22.39185pt on input line 135.
LaTeX Font Info:    Font shape `T1/phv/bc/n' will be
(Font)              scaled to size 22.39185pt on input line 135.
 (./refman.toc
LaTeX Font Info:    Font shape `T1/phv/bx/n' in size <10> not available
(Font)              Font shape `T1/phv/b/n' tried instead on input line 1.
LaTeX Font Info:    Font shape `T1/phv/b/n' will be
(Font)              scaled to size 8.99994pt on input line 1.
LaTeX Font Info:    Font shape `OT1/ptm/bx/n' in size <10> not available
(Font)              Font shape `OT1/ptm/b/n' tried instead on input line 1.
LaTeX Font Info:    Font shape `OT1/ptm/bx/n' in size <7.4> not available
(Font)              Font shape `OT1/ptm/b/n' tried instead on input line 1.
LaTeX Font Info:    Font shape `OT1/ptm/bx/n' in size <6> not available
(Font)              Font shape `OT1/ptm/b/n' tried instead on input line 1.
 [3

]
LaTeX Font Info:    Font shape `T1/phv/bx/n' in size <7> not available
(Font)              Font shape `T1/phv/b/n' tried instead on input line 72.
LaTeX Font Info:    Font shape `T1/phv/b/n' will be
(Font)              scaled to size 6.29996pt on input line 72.
 [4] [5] [6] [7]
[8] [9] [10] [11] [12] [13])
\tf@toc=\write5
\openout5 = `refman.toc'.

 [14]
Package hyperref Info: Option `pageanchor' set `true' on input line 138.

Chapter 1.
LaTeX Font Info:    Font shape `T1/phv/m/n' will be
(Font)              scaled to size 18.66588pt on input line 141.
LaTeX Font Info:    Font shape `T1/phv/bx/n' in size <20.74> not available
(Font)              Font shape `T1/phv/b/n' tried instead on input line 141.
LaTeX Font Info:    Font shape `T1/phv/b/n' will be
(Font)              scaled to size 18.66588pt on input line 141.
LaTeX Font Info:    Font shape `T1/phv/bc/n' will be
(Font)              scaled to size 18.66588pt on input line 141.
(./annotated.tex
LaTeX Font Info:    Font shape `T1/phv/bx/n' in size <14.4> not available
(Font)              Font shape `T1/phv/b/n' tried instead on input line 1.
LaTeX Font Info:    Font shape `T1/phv/b/n' will be
(Font)              scaled to size 12.9599pt on input line 1.
LaTeX Font Info:    Font shape `T1/phv/bc/n' will be
(Font)              scaled to size 12.9599pt on input line 1.
) [1


] [2

]
Chapter 2.
(./files.tex [3]) [4]
Chapter 3.
(./struct__adapter.tex
LaTeX Font Info:    Font shape `T1/phv/bc/n' will be
(Font)              scaled to size 6.29996pt on input line 3.
LaTeX Font Info:    Try loading font information for T1+pcr on input line 6.
 (/usr/share/texlive/texmf-dist/tex/latex/psnfss/t1pcr.fd
File: t1pcr.fd 2001/06/04 font definitions for T1/pcr.
)
LaTeX Font Info:    Font shape `T1/phv/bx/n' in size <12> not available
(Font)              Font shape `T1/phv/b/n' tried instead on input line 8.
LaTeX Font Info:    Font shape `T1/phv/b/n' will be
(Font)              scaled to size 10.79993pt on input line 8.
LaTeX Font Info:    Font shape `T1/phv/bc/n' will be
(Font)              scaled to size 10.79993pt on input line 8.
LaTeX Font Info:    Try loading font information for TS1+phv on input line 11.
 (/usr/share/texlive/texmf-dist/tex/latex/psnfss/ts1phv.fd
File: ts1phv.fd 2001/06/04 scalable font definitions for TS1/phv.
)
LaTeX Font Info:    Font shape `TS1/phv/m/n' will be
(Font)              scaled to size 8.99994pt on input line 11.
LaTeX Font Info:    Font shape `T1/phv/bc/n' will be
(Font)              scaled to size 8.99994pt on input line 25.
)
(./struct__bfilter.tex [5

]) (./struct__fa__data.tex [6]
<struct__fa__data__coll__graph.pdf, id=2559, 137.51375pt x 167.62625pt>
File: struct__fa__data__coll__graph.pdf Graphic file (type pdf)

<use struct__fa__data__coll__graph.pdf>
Package pdftex.def Info: struct__fa__data__coll__graph.pdf used on input line 1
9.
(pdftex.def)             Requested size: 137.0pt x 167.01451pt.
 [7 <./struct__fa__data__coll__graph.pdf>]) (./struct__fa__entry.tex) (./struct
__fq__read.tex [8])
(./struct__iparam__makeBloom.tex
Underfull \hbox (badness 10000) detected at line 37
[][][]
 []

[9]) (./struct__iparam__makeTree.tex [10]) (./struct__iparam__Qreport.tex
[11]) (./struct__iparam__Sreport.tex [12]) (./struct__iparam__trimFilter.tex
<struct__iparam__trimFilter__coll__graph.pdf, id=2689, 175.65625pt x 167.62625p
t>
File: struct__iparam__trimFilter__coll__graph.pdf Graphic file (type pdf)
 <use struct__iparam__trimFilter__coll__graph.pdf>
Package pdftex.def Info: struct__iparam__trimFilter__coll__graph.pdf used on in
put line 19.
(pdftex.def)             Requested size: 175.0pt x 167.01195pt.
 [13 <./struct__iparam__trimFilter__coll__graph.pdf>] [14]) (./struct__node.tex

<struct__node__coll__graph.pdf, id=2765, 178.6675pt x 100.375pt>
File: struct__node__coll__graph.pdf Graphic file (type pdf)

<use struct__node__coll__graph.pdf>
Package pdftex.def Info: struct__node__coll__graph.pdf used on input line 19.
(pdftex.def)             Requested size: 178.0pt x 100.00562pt.
 [15]) (./struct__procs__kmer.tex [16 <./struct__node__coll__graph.pdf>]) (./st
ruct__split.tex [17])
(./struct__stats__TF.tex [18]) (./struct__tree.tex
<struct__tree__coll__graph.pdf, id=2847, 178.6675pt x 167.62625pt>
File: struct__tree__coll__graph.pdf Graphic file (type pdf)

<use struct__tree__coll__graph.pdf>
Package pdftex.def Info: struct__tree__coll__graph.pdf used on input line 19.
(pdftex.def)             Requested size: 178.0pt x 167.0094pt.
 [19 <./struct__tree__coll__graph.pdf>])
(./struct__uint128.tex) (./structstatsinfo.tex [20] [21] [22]) [23] [24

]
Chapter 4.
(./bloom_8h.tex <bloom_8h__incl.pdf, id=2940, 275.0275pt x 212.795pt>
File: bloom_8h__incl.pdf Graphic file (type pdf)

<use bloom_8h__incl.pdf>
Package pdftex.def Info: bloom_8h__incl.pdf used on input line 16.
(pdftex.def)             Requested size: 274.0pt x 212.01843pt.

<bloom_8h__dep__incl.pdf, id=2941, 260.975pt x 156.585pt>
File: bloom_8h__dep__incl.pdf Graphic file (type pdf)

<use bloom_8h__dep__incl.pdf>
Package pdftex.def Info: bloom_8h__dep__incl.pdf used on input line 23.
(pdftex.def)             Requested size: 260.0pt x 156.00162pt.

Underfull \vbox (badness 10000) has occurred while \output is active []

 [25 <./bloom_8h__incl.pdf>]
LaTeX Font Info:    Font shape `T1/phv/m/it' in size <9> not available
(Font)              Font shape `T1/phv/m/sl' tried instead on input line 30.
LaTeX Font Info:    Font shape `T1/phv/m/sl' will be
(Font)              scaled to size 8.09995pt on input line 30.
LaTeX Font Info:    Font shape `T1/phv/m/it' in size <7> not available
(Font)              Font shape `T1/phv/m/sl' tried instead on input line 56.
LaTeX Font Info:    Font shape `T1/phv/m/sl' will be
(Font)              scaled to size 6.29996pt on input line 56.
 [26 <./bloom_8h__dep__incl.pdf>]
Underfull \hbox (badness 10000) detected at line 75
[][][]
 []


Underfull \hbox (badness 10000) detected at line 78
[][][]
 []

LaTeX Font Info:    Font shape `T1/phv/bc/it' in size <10> not available
(Font)              Font shape `T1/phv/bc/sl' tried instead on input line 95.
LaTeX Font Info:    Font shape `T1/phv/bc/sl' will be
(Font)              scaled to size 8.99994pt on input line 95.
LaTeX Font Info:    Font shape `T1/phv/bc/it' in size <7> not available
(Font)              Font shape `T1/phv/bc/sl' tried instead on input line 95.
LaTeX Font Info:    Font shape `T1/phv/bc/sl' will be
(Font)              scaled to size 6.29996pt on input line 95.
LaTeX Font Info:    Font shape `T1/phv/m/it' in size <10> not available
(Font)              Font shape `T1/phv/m/sl' tried instead on input line 102.
LaTeX Font Info:    Font shape `T1/phv/m/sl' will be
(Font)              scaled to size 8.99994pt on input line 102.

Underfull \hbox (badness 10000) detected at line 115
[][][]
 []


Underfull \hbox (badness 10000) detected at line 146
[][][]
 []

[27]
Underfull \hbox (badness 10000) in alignment at lines 162--169
[][][][][][][][][][] 
 []


Underfull \hbox (badness 10000) detected at line 189
[][][]
 []


Underfull \hbox (badness 10000) detected at line 209
[][][]
 []

[28]

LaTeX Font Warning: Font shape `T1/pcr/bc/n' undefined
(Font)              using `T1/pcr/m/n' instead on input line 271.

) (./city_8h.tex <city_8h__incl.pdf, id=3017, 196.735pt x 156.585pt>
File: city_8h__incl.pdf Graphic file (type pdf)

<use city_8h__incl.pdf>
Package pdftex.def Info: city_8h__incl.pdf used on input line 15.
(pdftex.def)             Requested size: 196.0pt x 155.99922pt.

<city_8h__dep__incl.pdf, id=3018, 282.05376pt x 212.795pt>
File: city_8h__dep__incl.pdf Graphic file (type pdf)

<use city_8h__dep__incl.pdf>
Package pdftex.def Info: city_8h__dep__incl.pdf used on input line 22.
(pdftex.def)             Requested size: 281.0pt x 212.01518pt.
 [29 <./city_8h__incl.pdf>]
Underfull \hbox (badness 10000) detected at line 77
[][][]
 []

[30 <./city_8h__dep__incl.pdf>]
Underfull \hbox (badness 10000) detected at line 80
[][][]
 []

) (./defines_8h.tex
<defines_8h__dep__incl.pdf, id=3062, 2004.48875pt x 269.005pt>
File: defines_8h__dep__incl.pdf Graphic file (type pdf)

<use defines_8h__dep__incl.pdf>
Package pdftex.def Info: defines_8h__dep__incl.pdf used on input line 13.
(pdftex.def)             Requested size: 350.0pt x 46.96985pt.
 [31 <./defines_8h__dep__incl.pdf>]
Underfull \hbox (badness 10000) detected at line 110
[][][]
 []


Underfull \hbox (badness 10000) detected at line 113
[][][]
 []

[32] [33] [34] [35]) (./fa__read_8h.tex
<fa__read_8h__incl.pdf, id=3169, 171.64125pt x 156.585pt>
File: fa__read_8h__incl.pdf Graphic file (type pdf)

<use fa__read_8h__incl.pdf>
Package pdftex.def Info: fa__read_8h__incl.pdf used on input line 14.
(pdftex.def)             Requested size: 171.0pt x 155.99922pt.

<fa__read_8h__dep__incl.pdf, id=3170, 613.29124pt x 269.005pt>
File: fa__read_8h__dep__incl.pdf Graphic file (type pdf)

<use fa__read_8h__dep__incl.pdf>
Package pdftex.def Info: fa__read_8h__dep__incl.pdf used on input line 21.
(pdftex.def)             Requested size: 350.0pt x 153.51915pt.
 [36 <./fa__read_8h__incl.pdf> <./fa__read_8h__dep__incl.pdf

pdfTeX warning: pdflatex (file ./fa__read_8h__dep__incl.pdf): PDF inclusion: mu
ltiple pdfs with page group included in a single page
>]
Underfull \hbox (badness 10000) detected at line 56
[][][]
 []


Underfull \hbox (badness 10000) detected at line 59
[][][]
 []


Underfull \hbox (badness 10000) detected at line 93
[][][]
 []

[37]
Underfull \hbox (badness 10000) detected at line 115
[][][]
 []


Underfull \hbox (badness 10000) detected at line 140
[][][]
 []

) (./fopen__gen_8h.tex
<fopen__gen_8h__incl.pdf, id=3212, 184.69pt x 156.585pt>
File: fopen__gen_8h__incl.pdf Graphic file (type pdf)

<use fopen__gen_8h__incl.pdf>
Package pdftex.def Info: fopen__gen_8h__incl.pdf used on input line 14.
(pdftex.def)             Requested size: 184.0pt x 156.00162pt.

<fopen__gen_8h__dep__incl.pdf, id=3213, 525.965pt x 156.585pt>
File: fopen__gen_8h__dep__incl.pdf Graphic file (type pdf)

<use fopen__gen_8h__dep__incl.pdf>
Package pdftex.def Info: fopen__gen_8h__dep__incl.pdf used on input line 21.
(pdftex.def)             Requested size: 350.0pt x 104.20178pt.
 [38 <./fopen__gen_8h__incl.pdf>]
Underfull \hbox (badness 10000) detected at line 51
[][][]
 []


Underfull \hbox (badness 10000) detected at line 54
[][][]
 []


Underfull \hbox (badness 10000) detected at line 57
[][][]
 []


Underfull \hbox (badness 10000) detected at line 60
[][][]
 []

[39 <./fopen__gen_8h__dep__incl.pdf>]
Underfull \hbox (badness 10000) detected at line 78
[][][]
 []

) (./fq__read_8h.tex <fq__read_8h__incl.pdf, id=3247, 171.64125pt x 156.585pt>
File: fq__read_8h__incl.pdf Graphic file (type pdf)

<use fq__read_8h__incl.pdf>
Package pdftex.def Info: fq__read_8h__incl.pdf used on input line 14.
(pdftex.def)             Requested size: 171.0pt x 155.99922pt.

<fq__read_8h__dep__incl.pdf, id=3248, 490.83376pt x 212.795pt>
File: fq__read_8h__dep__incl.pdf Graphic file (type pdf)

<use fq__read_8h__dep__incl.pdf>
Package pdftex.def Info: fq__read_8h__dep__incl.pdf used on input line 21.
(pdftex.def)             Requested size: 350.0pt x 151.74138pt.
 [40 <./fq__read_8h__incl.pdf> <./fq__read_8h__dep__incl.pdf

pdfTeX warning: pdflatex (file ./fq__read_8h__dep__incl.pdf): PDF inclusion: mu
ltiple pdfs with page group included in a single page
>]
Underfull \hbox (badness 10000) detected at line 47
[][][]
 []


Underfull \hbox (badness 10000) detected at line 50
[][][]
 []


Underfull \hbox (badness 10000) detected at line 111
[][][]
 []

) (./init__makeBloom_8h.tex [41]
<init__makeBloom_8h__incl.pdf, id=3283, 208.78pt x 156.585pt>
File: init__makeBloom_8h__incl.pdf Graphic file (type pdf)

<use init__makeBloom_8h__incl.pdf>
Package pdftex.def Info: init__makeBloom_8h__incl.pdf used on input line 15.
(pdftex.def)             Requested size: 208.0pt x 156.00879pt.

<init__makeBloom_8h__dep__incl.pdf, id=3284, 303.1325pt x 156.585pt>
File: init__makeBloom_8h__dep__incl.pdf Graphic file (type pdf)

<use init__makeBloom_8h__dep__incl.pdf>
Package pdftex.def Info: init__makeBloom_8h__dep__incl.pdf used on input line 2
2.
(pdftex.def)             Requested size: 302.0pt x 156.00162pt.
 [42 <./init__makeBloom_8h__incl.pdf> <./init__makeBloom_8h__dep__incl.pdf

pdfTeX warning: pdflatex (file ./init__makeBloom_8h__dep__incl.pdf): PDF inclus
ion: multiple pdfs with page group included in a single page
>]
Underfull \hbox (badness 10000) detected at line 49
[][][]
 []


Underfull \hbox (badness 10000) detected at line 52
[][][]
 []


Underfull \hbox (badness 10000) detected at line 65
[][][]
 []

) (./init__makeTree_8h.tex
<init__makeTree_8h__incl.pdf, id=3312, 200.75pt x 156.585pt>
File: init__makeTree_8h__incl.pdf Graphic file (type pdf)

<use init__makeTree_8h__incl.pdf>
Package pdftex.def Info: init__makeTree_8h__incl.pdf used on input line 14.
(pdftex.def)             Requested size: 200.0pt x 156.01117pt.

<init__makeTree_8h__dep__incl.pdf, id=3313, 287.0725pt x 156.585pt>
File: init__makeTree_8h__dep__incl.pdf Graphic file (type pdf)

<use init__makeTree_8h__dep__incl.pdf>
Package pdftex.def Info: init__makeTree_8h__dep__incl.pdf used on input line 21
.
(pdftex.def)             Requested size: 286.0pt x 156.004pt.

Underfull \vbox (badness 5217) has occurred while \output is active []

 [43 <./init__makeTree_8h__incl.pdf>]
Underfull \hbox (badness 10000) detected at line 49
[][][]
 []


Underfull \hbox (badness 10000) detected at line 52
[][][]
 []

) (./init__Qreport_8h.tex
<init__Qreport_8h__incl.pdf, id=3330, 189.70876pt x 156.585pt>
File: init__Qreport_8h__incl.pdf Graphic file (type pdf)

<use init__Qreport_8h__incl.pdf>
Package pdftex.def Info: init__Qreport_8h__incl.pdf used on input line 14.
(pdftex.def)             Requested size: 189.0pt x 156.004pt.
 [44 <./init__makeTree_8h__dep__incl.pdf>]
<init__Qreport_8h__dep__incl.pdf, id=3348, 515.9275pt x 156.585pt>
File: init__Qreport_8h__dep__incl.pdf Graphic file (type pdf)

<use init__Qreport_8h__dep__incl.pdf>
Package pdftex.def Info: init__Qreport_8h__dep__incl.pdf used on input line 21.

(pdftex.def)             Requested size: 350.0pt x 106.22789pt.
 [45 <./init__Qreport_8h__incl.pdf> <./init__Qreport_8h__dep__incl.pdf

pdfTeX warning: pdflatex (file ./init__Qreport_8h__dep__incl.pdf): PDF inclusio
n: multiple pdfs with page group included in a single page
>]
Underfull \hbox (badness 10000) detected at line 49
[][][]
 []


Underfull \hbox (badness 10000) detected at line 52
[][][]
 []

) (./init__Sreport_8h.tex
<init__Sreport_8h__incl.pdf, id=3376, 188.705pt x 156.585pt>
File: init__Sreport_8h__incl.pdf Graphic file (type pdf)

<use init__Sreport_8h__incl.pdf>
Package pdftex.def Info: init__Sreport_8h__incl.pdf used on input line 14.
(pdftex.def)             Requested size: 188.0pt x 155.99922pt.

<init__Sreport_8h__dep__incl.pdf, id=3377, 410.53375pt x 156.585pt>
File: init__Sreport_8h__dep__incl.pdf Graphic file (type pdf)

<use init__Sreport_8h__dep__incl.pdf>
Package pdftex.def Info: init__Sreport_8h__dep__incl.pdf used on input line 21.

(pdftex.def)             Requested size: 350.0pt x 133.49449pt.
 [46 <./init__Sreport_8h__incl.pdf> <./init__Sreport_8h__dep__incl.pdf

pdfTeX warning: pdflatex (file ./init__Sreport_8h__dep__incl.pdf): PDF inclusio
n: multiple pdfs with page group included in a single page
>]
Underfull \hbox (badness 10000) detected at line 49
[][][]
 []


Underfull \hbox (badness 10000) detected at line 52
[][][]
 []

) (./init__trimFilter_8h.tex
<init__trimFilter_8h__incl.pdf, id=3402, 195.73125pt x 156.585pt>
File: init__trimFilter_8h__incl.pdf Graphic file (type pdf)

<use init__trimFilter_8h__incl.pdf>
Package pdftex.def Info: init__trimFilter_8h__incl.pdf used on input line 14.
(pdftex.def)             Requested size: 195.0pt x 156.00879pt.

<init__trimFilter_8h__dep__incl.pdf, id=3403, 340.27126pt x 212.795pt>
File: init__trimFilter_8h__dep__incl.pdf Graphic file (type pdf)

<use init__trimFilter_8h__dep__incl.pdf>
Package pdftex.def Info: init__trimFilter_8h__dep__incl.pdf used on input line 
21.
(pdftex.def)             Requested size: 339.0pt x 212.01193pt.

Underfull \vbox (badness 10000) has occurred while \output is active []

 [47 <./init__trimFilter_8h__incl.pdf>]
Underfull \hbox (badness 10000) detected at line 53
[][][]
 []


Underfull \hbox (badness 10000) detected at line 56
[][][]
 []

) (./io__trimFilter_8h.tex [48 <./init__trimFilter_8h__dep__incl.pdf>]
<io__trimFilter_8h__incl.pdf, id=3443, 200.75pt x 156.585pt>
File: io__trimFilter_8h__incl.pdf Graphic file (type pdf)

<use io__trimFilter_8h__incl.pdf>
Package pdftex.def Info: io__trimFilter_8h__incl.pdf used on input line 15.
(pdftex.def)             Requested size: 200.0pt x 156.01117pt.

<io__trimFilter_8h__dep__incl.pdf, id=3444, 271.0125pt x 156.585pt>
File: io__trimFilter_8h__dep__incl.pdf Graphic file (type pdf)

<use io__trimFilter_8h__dep__incl.pdf>
Package pdftex.def Info: io__trimFilter_8h__dep__incl.pdf used on input line 22
.
(pdftex.def)             Requested size: 270.0pt x 156.0064pt.
 [49 <./io__trimFilter_8h__incl.pdf> <./io__trimFilter_8h__dep__incl.pdf

pdfTeX warning: pdflatex (file ./io__trimFilter_8h__dep__incl.pdf): PDF inclusi
on: multiple pdfs with page group included in a single page
>]
Underfull \hbox (badness 10000) detected at line 49
[][][]
 []


Underfull \hbox (badness 10000) detected at line 52
[][][]
 []

) (./Lmer_8h.tex <Lmer_8h__dep__incl.pdf, id=3471, 376.40625pt x 212.795pt>
File: Lmer_8h__dep__incl.pdf Graphic file (type pdf)

<use Lmer_8h__dep__incl.pdf>
Package pdftex.def Info: Lmer_8h__dep__incl.pdf used on input line 13.
(pdftex.def)             Requested size: 350.0pt x 197.88106pt.
 [50 <./Lmer_8h__dep__incl.pdf>]
Underfull \hbox (badness 10000) detected at line 37
[][][]
 []


Underfull \hbox (badness 10000) detected at line 40
[][][]
 []


Underfull \hbox (badness 10000) detected at line 43
[][][]
 []


Underfull \hbox (badness 874) in paragraph at lines 46--47
\T1/phv/m/n/10 Basically, and de-pend-ing on the method used, nu-cleotides {'a'
, 'c', 'g', 't'} are shifted to the char-ac-ters
 []

) (./Rcommand__Qreport_8h.tex
<Rcommand__Qreport_8h__dep__incl.pdf, id=3491, 303.1325pt x 156.585pt>
File: Rcommand__Qreport_8h__dep__incl.pdf Graphic file (type pdf)

<use Rcommand__Qreport_8h__dep__incl.pdf>
Package pdftex.def Info: Rcommand__Qreport_8h__dep__incl.pdf used on input line
 13.
(pdftex.def)             Requested size: 302.0pt x 156.00162pt.
 [51]
Underfull \hbox (badness 10000) detected at line 27
[][][]
 []


Underfull \hbox (badness 10000) detected at line 30
[][][]
 []

) (./Rcommand__Sreport_8h.tex
<Rcommand__Sreport_8h__dep__incl.pdf, id=3504, 301.125pt x 156.585pt>
File: Rcommand__Sreport_8h__dep__incl.pdf Graphic file (type pdf)

<use Rcommand__Sreport_8h__dep__incl.pdf>
Package pdftex.def Info: Rcommand__Sreport_8h__dep__incl.pdf used on input line
 13.
(pdftex.def)             Requested size: 300.0pt x 156.01357pt.
 [52 <./Rcommand__Qreport_8h__dep__incl.pdf> <./Rcommand__Sreport_8h__dep__incl
.pdf

pdfTeX warning: pdflatex (file ./Rcommand__Sreport_8h__dep__incl.pdf): PDF incl
usion: multiple pdfs with page group included in a single page
>]
Underfull \hbox (badness 10000) detected at line 26
[][][]
 []


Underfull \hbox (badness 10000) detected at line 29
[][][]
 []

) (./stats__info_8h.tex
<stats__info_8h__incl.pdf, id=3524, 347.2975pt x 212.795pt>
File: stats__info_8h__incl.pdf Graphic file (type pdf)

<use stats__info_8h__incl.pdf>
Package pdftex.def Info: stats__info_8h__incl.pdf used on input line 17.
(pdftex.def)             Requested size: 346.0pt x 212.00868pt.

Underfull \vbox (badness 10000) has occurred while \output is active []

 [53]
<stats__info_8h__dep__incl.pdf, id=3532, 256.96pt x 156.585pt>
File: stats__info_8h__dep__incl.pdf Graphic file (type pdf)

<use stats__info_8h__dep__incl.pdf>
Package pdftex.def Info: stats__info_8h__dep__incl.pdf used on input line 24.
(pdftex.def)             Requested size: 256.0pt x 156.01117pt.
 [54 <./stats__info_8h__incl.pdf> <./stats__info_8h__dep__incl.pdf

pdfTeX warning: pdflatex (file ./stats__info_8h__dep__incl.pdf): PDF inclusion:
 multiple pdfs with page group included in a single page
>]
Underfull \hbox (badness 10000) detected at line 76
[][][]
 []


Underfull \hbox (badness 10000) detected at line 79
[][][]
 []

) (./str__manip_8h.tex [55]
<str__manip_8h__dep__incl.pdf, id=3596, 552.0625pt x 156.585pt>
File: str__manip_8h__dep__incl.pdf Graphic file (type pdf)

<use str__manip_8h__dep__incl.pdf>
Package pdftex.def Info: str__manip_8h__dep__incl.pdf used on input line 13.
(pdftex.def)             Requested size: 350.0pt x 99.27745pt.

Underfull \hbox (badness 10000) detected at line 42
[][][]
 []


Underfull \hbox (badness 10000) detected at line 45
[][][]
 []

[56 <./str__manip_8h__dep__incl.pdf>]
Underfull \hbox (badness 10000) detected at line 89
[][][]
 []

) (./tree_8h.tex <tree_8h__incl.pdf, id=3622, 223.83624pt x 212.795pt>
File: tree_8h__incl.pdf Graphic file (type pdf)

<use tree_8h__incl.pdf>
Package pdftex.def Info: tree_8h__incl.pdf used on input line 16.
(pdftex.def)             Requested size: 223.0pt x 212.00543pt.

<tree_8h__dep__incl.pdf, id=3623, 404.51125pt x 212.795pt>
File: tree_8h__dep__incl.pdf Graphic file (type pdf)

<use tree_8h__dep__incl.pdf>
Package pdftex.def Info: tree_8h__dep__incl.pdf used on input line 23.
(pdftex.def)             Requested size: 350.0pt x 184.12357pt.

Underfull \vbox (badness 10000) has occurred while \output is active []

 [57 <./tree_8h__incl.pdf>] [58 <./tree_8h__dep__incl.pdf>]
Underfull \hbox (badness 10000) detected at line 69
[][][]
 []


Underfull \hbox (badness 10000) detected at line 72
[][][]
 []


Underfull \hbox (badness 10000) detected at line 110
[][][]
 []

[59]
Underfull \hbox (badness 10000) detected at line 161
[][][]
 []


Underfull \hbox (badness 10000) detected at line 180
[][][]
 []

[60]) (./trim_8h.tex <trim_8h__incl.pdf, id=3696, 518.93875pt x 269.005pt>
File: trim_8h__incl.pdf Graphic file (type pdf)

<use trim_8h__incl.pdf>
Package pdftex.def Info: trim_8h__incl.pdf used on input line 19.
(pdftex.def)             Requested size: 350.0pt x 181.43918pt.

<trim_8h__dep__incl.pdf, id=3697, 236.885pt x 156.585pt>
File: trim_8h__dep__incl.pdf Graphic file (type pdf)

<use trim_8h__dep__incl.pdf>
Package pdftex.def Info: trim_8h__dep__incl.pdf used on input line 26.
(pdftex.def)             Requested size: 236.0pt x 156.004pt.
 [61 <./trim_8h__incl.pdf> <./trim_8h__dep__incl.pdf

pdfTeX warning: pdflatex (file ./trim_8h__dep__incl.pdf): PDF inclusion: multip
le pdfs with page group included in a single page
>]
Underfull \hbox (badness 10000) detected at line 43
[][][]
 []


Underfull \hbox (badness 10000) detected at line 46
[][][]
 []


Underfull \hbox (badness 10000) detected at line 71
[][][]
 []


Underfull \hbox (badness 10000) detected at line 90
[][][]
 []

[62] [63]
Underfull \hbox (badness 10000) detected at line 115
[][][]
 []

) (./bloom_8c.tex <bloom_8c__incl.pdf, id=3743, 329.23pt x 269.005pt>
File: bloom_8c__incl.pdf Graphic file (type pdf)

<use bloom_8c__incl.pdf>
Package pdftex.def Info: bloom_8c__incl.pdf used on input line 16.
(pdftex.def)             Requested size: 328.0pt x 268.00688pt.
 [64 <./bloom_8c__incl.pdf>]
Underfull \hbox (badness 10000) detected at line 84
[][][]
 []


Underfull \hbox (badness 10000) detected at line 87
[][][]
 []

[65] [66]
Underfull \hbox (badness 10000) detected at line 156
[][][]
 []

[67]
Underfull \hbox (badness 10000) detected at line 190
[][][]
 []


Underfull \hbox (badness 10000) detected at line 221
[][][]
 []


Underfull \hbox (badness 10000) in alignment at lines 237--244
[][][][][][][][][][] 
 []


Underfull \hbox (badness 10000) detected at line 264
[][][]
 []

[68] [69]
Underfull \hbox (badness 10000) detected at line 286
[][][]
 []


Underfull \hbox (badness 10000) detected at line 321
[][][]
 []

[70]) (./city_8c.tex <city_8c__incl.pdf, id=3840, 226.8475pt x 212.795pt>
File: city_8c__incl.pdf Graphic file (type pdf)

<use city_8c__incl.pdf>
Package pdftex.def Info: city_8c__incl.pdf used on input line 15.
(pdftex.def)             Requested size: 226.0pt x 212.0022pt.
 [71 <./city_8c__incl.pdf>]
Underfull \hbox (badness 10000) detected at line 113
[][][]
 []


Underfull \hbox (badness 10000) detected at line 116
[][][]
 []

) (./fa__read_8c.tex <fa__read_8c__incl.pdf, id=3871, 434.62375pt x 212.795pt>
File: fa__read_8c__incl.pdf Graphic file (type pdf)

<use fa__read_8c__incl.pdf>
Package pdftex.def Info: fa__read_8c__incl.pdf used on input line 18.
(pdftex.def)             Requested size: 350.0pt x 171.37267pt.
 [72]
Underfull \hbox (badness 10000) detected at line 52
[][][]
 []


Underfull \hbox (badness 10000) detected at line 55
[][][]
 []

[73 <./fa__read_8c__incl.pdf>]
Underfull \hbox (badness 10000) detected at line 93
[][][]
 []


Underfull \hbox (badness 10000) detected at line 141
[][][]
 []

[74]
Underfull \hbox (badness 10000) detected at line 163
[][][]
 []


Underfull \hbox (badness 10000) detected at line 204
[][][]
 []


Underfull \hbox (badness 10000) detected at line 226
[][][]
 []

[75]) (./fopen__gen_8c.tex
<fopen__gen_8c__incl.pdf, id=3947, 573.14125pt x 212.795pt>
File: fopen__gen_8c__incl.pdf Graphic file (type pdf)

<use fopen__gen_8c__incl.pdf>
Package pdftex.def Info: fopen__gen_8c__incl.pdf used on input line 20.
(pdftex.def)             Requested size: 350.0pt x 129.94762pt.
 [76 <./fopen__gen_8c__incl.pdf>]
Underfull \hbox (badness 10000) detected at line 52
[][][]
 []


Underfull \hbox (badness 10000) detected at line 55
[][][]
 []


Underfull \hbox (badness 10000) detected at line 58
[][][]
 []


Underfull \hbox (badness 10000) detected at line 61
[][][]
 []


Underfull \hbox (badness 10000) detected at line 78
[][][]
 []


Underfull \hbox (badness 10000) detected at line 92
[][][]
 []


Underfull \hbox (badness 10000) detected at line 107
[][][]
 []

[77]
Underfull \hbox (badness 10000) detected at line 121
[][][]
 []


Underfull \hbox (badness 10000) detected at line 135
[][][]
 []

) (./fq__read_8c.tex <fq__read_8c__incl.pdf, id=3982, 423.5825pt x 212.795pt>
File: fq__read_8c__incl.pdf Graphic file (type pdf)

<use fq__read_8c__incl.pdf>
Package pdftex.def Info: fq__read_8c__incl.pdf used on input line 18.
(pdftex.def)             Requested size: 350.0pt x 175.83401pt.
 [78 <./fq__read_8c__incl.pdf>]
Underfull \hbox (badness 10000) detected at line 33
[][][]
 []


Underfull \hbox (badness 10000) detected at line 36
[][][]
 []


Underfull \hbox (badness 10000) detected at line 97
[][][]
 []

) (./init__makeBloom_8c.tex
<init__makeBloom_8c__incl.pdf, id=4001, 580.1675pt x 212.795pt>
File: init__makeBloom_8c__incl.pdf Graphic file (type pdf)

<use init__makeBloom_8c__incl.pdf>
Package pdftex.def Info: init__makeBloom_8c__incl.pdf used on input line 20.
(pdftex.def)             Requested size: 350.0pt x 128.37282pt.

Underfull \vbox (badness 2229) has occurred while \output is active []

 [79]
Underfull \hbox (badness 10000) detected at line 42
[][][]
 []


Underfull \hbox (badness 10000) detected at line 45
[][][]
 []

) (./init__makeTree_8c.tex
<init__makeTree_8c__incl.pdf, id=4011, 505.89pt x 212.795pt>
File: init__makeTree_8c__incl.pdf Graphic file (type pdf)

<use init__makeTree_8c__incl.pdf>
Package pdftex.def Info: init__makeTree_8c__incl.pdf used on input line 19.
(pdftex.def)             Requested size: 350.0pt x 147.22482pt.
 [80 <./init__makeBloom_8c__incl.pdf>]
Underfull \hbox (badness 10000) detected at line 41
[][][]
 []


Underfull \hbox (badness 10000) detected at line 44
[][][]
 []

) (./init__Qreport_8c.tex [81 <./init__makeTree_8c__incl.pdf>]
<init__Qreport_8c__incl.pdf, id=4048, 533.995pt x 212.795pt>
File: init__Qreport_8c__incl.pdf Graphic file (type pdf)

<use init__Qreport_8c__incl.pdf>
Package pdftex.def Info: init__Qreport_8c__incl.pdf used on input line 20.
(pdftex.def)             Requested size: 350.0pt x 139.47752pt.

Underfull \hbox (badness 10000) detected at line 42
[][][]
 []


Underfull \hbox (badness 10000) detected at line 45
[][][]
 []

) (./init__Sreport_8c.tex [82 <./init__Qreport_8c__incl.pdf>]
<init__Sreport_8c__incl.pdf, id=4069, 493.845pt x 212.795pt>
File: init__Sreport_8c__incl.pdf Graphic file (type pdf)

<use init__Sreport_8c__incl.pdf>
Package pdftex.def Info: init__Sreport_8c__incl.pdf used on input line 19.
(pdftex.def)             Requested size: 350.0pt x 150.81274pt.

Underfull \hbox (badness 10000) detected at line 41
[][][]
 []


Underfull \hbox (badness 10000) detected at line 44
[][][]
 []

) (./init__trimFilter_8c.tex [83 <./init__Sreport_8c__incl.pdf>]
<init__trimFilter_8c__incl.pdf, id=4091, 626.34pt x 212.795pt>
File: init__trimFilter_8c__incl.pdf Graphic file (type pdf)

<use init__trimFilter_8c__incl.pdf>
Package pdftex.def Info: init__trimFilter_8c__incl.pdf used on input line 21.
(pdftex.def)             Requested size: 350.0pt x 118.91435pt.

Underfull \hbox (badness 10000) detected at line 43
[][][]
 []


Underfull \hbox (badness 10000) detected at line 46
[][][]
 []

) (./io__trimFilter_8c.tex [84 <./init__trimFilter_8c__incl.pdf>]
<io__trimFilter_8c__incl.pdf, id=4113, 327.2225pt x 212.795pt>
File: io__trimFilter_8c__incl.pdf Graphic file (type pdf)

<use io__trimFilter_8c__incl.pdf>
Package pdftex.def Info: io__trimFilter_8c__incl.pdf used on input line 18.
(pdftex.def)             Requested size: 326.0pt x 211.99895pt.

Underfull \hbox (badness 10000) detected at line 34
[][][]
 []


Underfull \hbox (badness 10000) detected at line 37
[][][]
 []

[85 <./io__trimFilter_8c__incl.pdf>]) (./Lmer_8c.tex
<Lmer_8c__incl.pdf, id=4131, 192.72pt x 156.585pt>
File: Lmer_8c__incl.pdf Graphic file (type pdf)
 <use Lmer_8c__incl.pdf>
Package pdftex.def Info: Lmer_8c__incl.pdf used on input line 15.
(pdftex.def)             Requested size: 192.0pt x 155.99922pt.

[86 <./Lmer_8c__incl.pdf>]
Underfull \hbox (badness 10000) detected at line 46
[][][]
 []


Underfull \hbox (badness 10000) detected at line 49
[][][]
 []

) (./makeBloom_8c.tex <makeBloom_8c__incl.pdf, id=4159, 533.995pt x 269.005pt>
File: makeBloom_8c__incl.pdf Graphic file (type pdf)

<use makeBloom_8c__incl.pdf>
Package pdftex.def Info: makeBloom_8c__incl.pdf used on input line 21.
(pdftex.def)             Requested size: 350.0pt x 176.32065pt.

Underfull \vbox (badness 5260) has occurred while \output is active []

 [87]
Underfull \hbox (badness 10000) detected at line 42
[][][]
 []


Underfull \hbox (badness 10000) detected at line 45
[][][]
 []

) (./makeTree_8c.tex [88 <./makeBloom_8c__incl.pdf>]
<makeTree_8c__incl.pdf, id=4184, 520.94624pt x 269.005pt>
File: makeTree_8c__incl.pdf Graphic file (type pdf)

<use makeTree_8c__incl.pdf>
Package pdftex.def Info: makeTree_8c__incl.pdf used on input line 20.
(pdftex.def)             Requested size: 350.0pt x 180.73317pt.

Underfull \hbox (badness 10000) detected at line 41
[][][]
 []


Underfull \hbox (badness 10000) detected at line 44
[][][]
 []

[89 <./makeTree_8c__incl.pdf>]) (./Qreport_8c.tex
<Qreport_8c__incl.pdf, id=4207, 708.6475pt x 269.005pt>
File: Qreport_8c__incl.pdf Graphic file (type pdf)

<use Qreport_8c__incl.pdf>
Package pdftex.def Info: Qreport_8c__incl.pdf used on input line 22.
(pdftex.def)             Requested size: 350.0pt x 132.8644pt.

Underfull \hbox (badness 10000) detected at line 41
[][][]
 []

[90 <./Qreport_8c__incl.pdf>]
Underfull \hbox (badness 10000) detected at line 44
[][][]
 []

) (./Rcommand__Qreport_8c.tex
<Rcommand__Qreport_8c__incl.pdf, id=4226, 529.98pt x 212.795pt>
File: Rcommand__Qreport_8c__incl.pdf Graphic file (type pdf)

<use Rcommand__Qreport_8c__incl.pdf>
Package pdftex.def Info: Rcommand__Qreport_8c__incl.pdf used on input line 19.
(pdftex.def)             Requested size: 350.0pt x 140.53279pt.
 [91 <./Rcommand__Qreport_8c__incl.pdf>]
Underfull \hbox (badness 10000) detected at line 38
[][][]
 []


Underfull \hbox (badness 10000) detected at line 41
[][][]
 []

) (./Rcommand__Sreport_8c.tex
<Rcommand__Sreport_8c__incl.pdf, id=4245, 526.96875pt x 212.795pt>
File: Rcommand__Sreport_8c__incl.pdf Graphic file (type pdf)

<use Rcommand__Sreport_8c__incl.pdf>
Package pdftex.def Info: Rcommand__Sreport_8c__incl.pdf used on input line 19.
(pdftex.def)             Requested size: 350.0pt x 141.3413pt.
 [92 <./Rcommand__Sreport_8c__incl.pdf>]
Underfull \hbox (badness 10000) detected at line 37
[][][]
 []


Underfull \hbox (badness 10000) detected at line 40
[][][]
 []

) (./Sreport_8c.tex <Sreport_8c__incl.pdf, id=4264, 547.04375pt x 212.795pt>
File: Sreport_8c__incl.pdf Graphic file (type pdf)

<use Sreport_8c__incl.pdf>
Package pdftex.def Info: Sreport_8c__incl.pdf used on input line 19.
(pdftex.def)             Requested size: 350.0pt x 136.14935pt.
 [93 <./Sreport_8c__incl.pdf>]
Underfull \hbox (badness 10000) detected at line 38
[][][]
 []


Underfull \hbox (badness 10000) detected at line 41
[][][]
 []

) (./stats__info_8c.tex
<stats__info_8c__incl.pdf, id=4279, 487.8225pt x 269.005pt>
File: stats__info_8c__incl.pdf Graphic file (type pdf)

<use stats__info_8c__incl.pdf>
Package pdftex.def Info: stats__info_8c__incl.pdf used on input line 18.
(pdftex.def)             Requested size: 350.0pt x 193.00616pt.
 [94 <./stats__info_8c__incl.pdf>]
Underfull \hbox (badness 10000) detected at line 72
[][][]
 []


Underfull \hbox (badness 10000) detected at line 75
[][][]
 []

[95]
Underfull \hbox (badness 10000) detected at line 103
[][][]
 []

) (./str__manip_8c.tex
<str__manip_8c__incl.pdf, id=4348, 347.2975pt x 156.585pt>
File: str__manip_8c__incl.pdf Graphic file (type pdf)

<use str__manip_8c__incl.pdf>
Package pdftex.def Info: str__manip_8c__incl.pdf used on input line 17.
(pdftex.def)             Requested size: 346.0pt x 156.0064pt.

Underfull \vbox (badness 2564) has occurred while \output is active []

 [96]
Underfull \hbox (badness 10000) detected at line 37
[][][]
 []


Underfull \hbox (badness 10000) detected at line 40
[][][]
 []

[97 <./str__manip_8c__incl.pdf>]
Underfull \hbox (badness 10000) detected at line 103
[][][]
 []

) (./tree_8c.tex <tree_8c__incl.pdf, id=4374, 515.9275pt x 269.005pt>
File: tree_8c__incl.pdf Graphic file (type pdf)

<use tree_8c__incl.pdf>
Package pdftex.def Info: tree_8c__incl.pdf used on input line 20.
(pdftex.def)             Requested size: 350.0pt x 182.49408pt.
 [98 <./tree_8c__incl.pdf>]
Underfull \hbox (badness 10000) detected at line 56
[][][]
 []


Underfull \hbox (badness 10000) detected at line 59
[][][]
 []


Underfull \hbox (badness 10000) detected at line 87
[][][]
 []

[99]
Underfull \hbox (badness 10000) detected at line 138
[][][]
 []


Underfull \hbox (badness 10000) detected at line 157
[][][]
 []

[100]) (./trim_8c.tex <trim_8c__incl.pdf, id=4430, 660.4675pt x 325.215pt>
File: trim_8c__incl.pdf Graphic file (type pdf)

<use trim_8c__incl.pdf>
Package pdftex.def Info: trim_8c__incl.pdf used on input line 21.
(pdftex.def)             Requested size: 350.0pt x 172.34328pt.
 [101 <./trim_8c__incl.pdf>]
LaTeX Font Info:    Font shape `OT1/ptm/bx/n' in size <9> not available
(Font)              Font shape `OT1/ptm/b/n' tried instead on input line 37.

Underfull \hbox (badness 10000) detected at line 68
[][][]
 []


Underfull \hbox (badness 10000) detected at line 71
[][][]
 []

[102]
Underfull \hbox (badness 10000) detected at line 102
[][][]
 []


Underfull \hbox (badness 10000) detected at line 124
[][][]
 []


Underfull \hbox (badness 10000) detected at line 146
[][][]
 []


Underfull \hbox (badness 10000) detected at line 160
[][][]
 []

[103]
Underfull \hbox (badness 10000) detected at line 182
[][][]
 []


Underfull \hbox (badness 10000) detected at line 207
[][][]
 []


Underfull \hbox (badness 10000) detected at line 235
[][][]
 []


Underfull \hbox (badness 10000) detected at line 260
[][][]
 []

[104]
Underfull \hbox (badness 10000) detected at line 285
[][][]
 []


Underfull \hbox (badness 10000) detected at line 304
[][][]
 []


Underfull \hbox (badness 10000) detected at line 329
[][][]
 []

[105]) (./trimFilter_8c.tex
<trimFilter_8c__incl.pdf, id=4516, 740.7675pt x 325.215pt>
File: trimFilter_8c__incl.pdf Graphic file (type pdf)

<use trimFilter_8c__incl.pdf>
Package pdftex.def Info: trimFilter_8c__incl.pdf used on input line 25.
(pdftex.def)             Requested size: 350.0pt x 153.65993pt.
 [106 <./trimFilter_8c__incl.pdf>]
Underfull \hbox (badness 10000) detected at line 46
[][][]
 []


Underfull \hbox (badness 10000) detected at line 49
[][][]
 []

) [107] (./refman.ind [108


])
Package atveryend Info: Empty hook `BeforeClearDocument' on input line 214.
Package atveryend Info: Empty hook `AfterLastShipout' on input line 214.
 (./refman.aux)
Package atveryend Info: Executing hook `AtVeryEndDocument' on input line 214.
Package atveryend Info: Executing hook `AtEndAfterFileList' on input line 214.
Package rerunfilecheck Info: File `refman.out' has not changed.
(rerunfilecheck)             Checksum: CF4775C911E83ECE3C907F4E2333B9A9;85184.


LaTeX Font Warning: Some font shapes were not available, defaults substituted.

Package atveryend Info: Empty hook `AtVeryVeryEnd' on input line 214.
 ) 
Here is how much of TeX's memory you used:
 14917 strings out of 493105
 241860 string characters out of 6137073
 298353 words of memory out of 5000000
 16846 multiletter control sequences out of 15000+600000
 90806 words of font info for 126 fonts, out of 8000000 for 9000
 1141 hyphenation exceptions out of 8191
 48i,18n,43p,1841b,526s stack positions out of 5000i,500n,10000p,200000b,80000s
{/usr/share/texlive/texmf-dist/fonts/enc/dvips/base/8r.enc}</usr/share/texliv
e/texmf-dist/fonts/type1/public/amsfonts/cm/cmmi10.pfb></usr/share/texlive/texm
f-dist/fonts/type1/public/amsfonts/cm/cmsy10.pfb></usr/share/texlive/texmf-dist
/fonts/type1/urw/courier/ucrr8a.pfb></usr/share/texlive/texmf-dist/fonts/type1/
urw/helvetic/uhvb8a.pfb></usr/share/texlive/texmf-dist/fonts/type1/urw/helvetic
/uhvb8ac.pfb></usr/share/texlive/texmf-dist/fonts/type1/urw/helvetic/uhvbo8ac.p
fb></usr/share/texlive/texmf-dist/fonts/type1/urw/helvetic/uhvr8a.pfb></usr/sha
re/texlive/texmf-dist/fonts/type1/urw/helvetic/uhvro8a.pfb>
Output written on refman.pdf (122 pages, 525411 bytes).
PDF statistics:
 4820 PDF objects out of 5155 (max. 8388607)
 4522 compressed objects within 46 object streams
 1131 named destinations out of 1200 (max. 500000)
 3917 words of extra memory for PDF output out of 10000 (max. 10000000)

